#
# A fatal error has been detected by the Java Runtime Environment:
#
#  EXCEPTION_ACCESS_VIOLATION (0xc0000005) at pc=0x000001fb7b4a1066, pid=7988, tid=0x0000000000004790
#
# JRE version: OpenJDK Runtime Environment (Zulu 8.62.0.19-CA-win64) (8.0_332-b09) (build 1.8.0_332-b09)
# Java VM: OpenJDK 64-Bit Server VM (25.332-b09 mixed mode windows-amd64 compressed oops)
# Problematic frame:
# C  0x000001fb7b4a1066
#
# Failed to write core dump. Minidumps are not enabled by default on client versions of Windows
#
# If you would like to submit a bug report, please visit:
#   http://www.azul.com/support/
# The crash happened outside the Java Virtual Machine in native code.
# See problematic frame for where to report the bug.
#

---------------  T H R E A D  ---------------

Current thread (0x000001fb6ce7f800):  JavaThread "Thread-14" [_thread_in_native, id=18320, stack(0x000000f0a1b00000,0x000000f0a1c00000)]

siginfo: ExceptionCode=0xc0000005, reading address 0x000001fb6f661004

Registers:
RAX=0x0000000000000004, RBX=0x000001fb7b610090, RCX=0x000001fb6f661008, RDX=0x000001fb6f661004
RSP=0x000000f0a1bfec00, RBP=0x00000000000000ff, RSI=0x000001fb6f65d32c, RDI=0x0000000000000000
R8 =0x0000000000000f36, R9 =0x000001fb6f65d32c, R10=0x000001fb503c9722, R11=0x000000005762af20
R12=0x0000000000000001, R13=0x000001fb7b312da8, R14=0x000000f0a1bfed98, R15=0x000001fb6ce7f800
RIP=0x000001fb7b4a1066, EFLAGS=0x0000000000010202

Top of Stack: (sp=0x000000f0a1bfec00)
0x000000f0a1bfec00:   0000000000000000 000001fb6ce7f800
0x000000f0a1bfec10:   000000f0a1bfed98 000001fb7b312da8
0x000000f0a1bfec20:   000001fb7b312da8 0000000000000000
0x000000f0a1bfec30:   000001fb6ce7f800 0000000000000000
0x000000f0a1bfec40:   000000f0a1bfed60 00000000574bef1b
0x000000f0a1bfec50:   000000f0a1bfec80 000001fb5040b99b
0x000000f0a1bfec60:   000001fb702cb8a0 000001fb6bd83620
0x000000f0a1bfec70:   000001fb6ce7f800 000000f0a1bfed98
0x000000f0a1bfec80:   000001fb7b312da8 0000000000000000
0x000000f0a1bfec90:   000001fb6f65d32c 00000006c1213640
0x000000f0a1bfeca0:   000000f0a1bfed60 000001fb7b4a248f
0x000000f0a1bfecb0:   000001fb7b610090 000001fb7b610090
0x000000f0a1bfecc0:   000001fb0000ac44 000001fb00000004
0x000000f0a1bfecd0:   0000000000000010 000001fb503c974e
0x000000f0a1bfece0:   000001fb7b312da8 000001fb503c9445
0x000000f0a1bfecf0:   000001fb7b312da8 000000f0a1bfed60 

Instructions: (pc=0x000001fb7b4a1066)
0x000001fb7b4a1046:   41 2b ec 81 3a 03 00 02 00 75 09 8b 01 89 84 24
0x000001fb7b4a1056:   c8 00 00 00 49 83 c0 02 48 83 c1 08 4a 8d 14 86
0x000001fb7b4a1066:   39 3a 75 af 4c 8d 84 24 c0 00 00 00 48 8d 15 d7
0x000001fb7b4a1076:   2b 03 00 33 c9 e8 58 5f 00 00 b8 40 1f 00 00 4c 


Register to memory mapping:

RAX=0x0000000000000004 is an unknown value
RBX=0x000001fb7b610090 is an unknown value
RCX=0x000001fb6f661008 is an unknown value
RDX=0x000001fb6f661004 is an unknown value
RSP=0x000000f0a1bfec00 is pointing into the stack for thread: 0x000001fb6ce7f800
RBP=0x00000000000000ff is an unknown value
RSI=0x000001fb6f65d32c is an unknown value
RDI=0x0000000000000000 is an unknown value
R8 =0x0000000000000f36 is an unknown value
R9 =0x000001fb6f65d32c is an unknown value
R10=0x000001fb503c9722 is at code_begin+962 in an Interpreter codelet
method entry point (kind = native)  [0x000001fb503c9360, 0x000001fb503c9e00]  2720 bytes
R11=0x000000005762af20 is an unknown value
R12=0x0000000000000001 is an unknown value
R13={method} {0x000001fb7b312db0} 'nalcCreateContext' '(JJ)J' in 'org/lwjgl/openal/ALC10'
R14=0x000000f0a1bfed98 is pointing into the stack for thread: 0x000001fb6ce7f800
R15=0x000001fb6ce7f800 is a thread


Stack: [0x000000f0a1b00000,0x000000f0a1c00000],  sp=0x000000f0a1bfec00,  free space=1019k
Native frames: (J=compiled Java code, j=interpreted, Vv=VM code, C=native code)
C  0x000001fb7b4a1066
C  0x000001fb7b4a248f
C  0x000001fb503c974e

Java frames: (J=compiled Java code, j=interpreted, Vv=VM code)
j  org.lwjgl.openal.ALC10.nalcCreateContext(JJ)J+0
j  org.lwjgl.openal.ALC10.alcCreateContext(Lorg/lwjgl/openal/ALCdevice;Ljava/nio/IntBuffer;)Lorg/lwjgl/openal/ALCcontext;+8
j  org.lwjgl.openal.AL.init(Ljava/lang/String;IIZZ)V+69
j  org.lwjgl.openal.AL.create(Ljava/lang/String;IIZZ)V+246
j  org.lwjgl.openal.AL.create(Ljava/lang/String;IIZ)V+5
j  org.lwjgl.openal.AL.create()V+6
j  paulscode.sound.libraries.LibraryLWJGLOpenAL.init()V+2
j  paulscode.sound.SoundSystem.CommandNewLibrary(Ljava/lang/Class;)V+260
j  paulscode.sound.SoundSystem.CommandQueue(Lpaulscode/sound/CommandObject;)Z+1206
j  paulscode.sound.CommandThread.run()V+51
v  ~StubRoutines::call_stub

---------------  P R O C E S S  ---------------

Java Threads: ( => current thread )
  0x000001fb6ce78800 JavaThread "Thread-15" [_thread_blocked, id=21016, stack(0x000000f0a0000000,0x000000f0a0100000)]
=>0x000001fb6ce7f800 JavaThread "Thread-14" [_thread_in_native, id=18320, stack(0x000000f0a1b00000,0x000000f0a1c00000)]
  0x000001fb6ce79800 JavaThread "Sound Library Loader" [_thread_blocked, id=14620, stack(0x000000f0a1a00000,0x000000f0a1b00000)]
  0x000001fb6ce7f000 JavaThread "Thread-12" [_thread_in_vm, id=20888, stack(0x000000f0a1900000,0x000000f0a1a00000)]
  0x000001fb6ce7a000 JavaThread "Keep-Alive-Timer" daemon [_thread_blocked, id=13552, stack(0x000000f0a1700000,0x000000f0a1800000)]
  0x000001fb6ce7e000 JavaThread "TimerQueue" daemon [_thread_blocked, id=19892, stack(0x000000f0a1600000,0x000000f0a1700000)]
  0x000001fb6ce7c800 JavaThread "AWT-EventQueue-0" [_thread_blocked, id=17208, stack(0x000000f0a0300000,0x000000f0a0400000)]
  0x000001fb6ce77800 JavaThread "AWT-Windows" daemon [_thread_in_native, id=9672, stack(0x000000f0a0200000,0x000000f0a0300000)]
  0x000001fb6ce76000 JavaThread "AWT-Shutdown" [_thread_blocked, id=12800, stack(0x000000f0a0100000,0x000000f0a0200000)]
  0x000001fb6bd45000 JavaThread "Java2D Disposer" daemon [_thread_blocked, id=12740, stack(0x000000f09fa00000,0x000000f09fb00000)]
  0x000001fb6bd40000 JavaThread "Timer hack thread" daemon [_thread_blocked, id=6252, stack(0x000000f09f800000,0x000000f09f900000)]
  0x000001fb6bd41800 JavaThread "Snooper Timer" daemon [_thread_blocked, id=3680, stack(0x000000f09f900000,0x000000f09fa00000)]
  0x000001fb6bd46800 JavaThread "Snooper Timer" daemon [_thread_blocked, id=9236, stack(0x000000f09f700000,0x000000f09f800000)]
  0x000001fb6bd42800 JavaThread "Service Thread" daemon [_thread_blocked, id=9984, stack(0x000000f09f500000,0x000000f09f600000)]
  0x000001fb6bd45800 JavaThread "C1 CompilerThread3" daemon [_thread_blocked, id=13496, stack(0x000000f09f400000,0x000000f09f500000)]
  0x000001fb6bd44000 JavaThread "C2 CompilerThread2" daemon [_thread_blocked, id=17544, stack(0x000000f09f300000,0x000000f09f400000)]
  0x000001fb6bd56800 JavaThread "C2 CompilerThread1" daemon [_thread_blocked, id=10100, stack(0x000000f09f200000,0x000000f09f300000)]
  0x000001fb6bd54000 JavaThread "C2 CompilerThread0" daemon [_thread_blocked, id=10500, stack(0x000000f09f100000,0x000000f09f200000)]
  0x000001fb6bd47000 JavaThread "Monitor Ctrl-Break" daemon [_thread_in_native, id=13148, stack(0x000000f09f000000,0x000000f09f100000)]
  0x000001fb69756800 JavaThread "Attach Listener" daemon [_thread_blocked, id=16552, stack(0x000000f09ef00000,0x000000f09f000000)]
  0x000001fb69755000 JavaThread "Signal Dispatcher" daemon [_thread_blocked, id=10912, stack(0x000000f09ee00000,0x000000f09ef00000)]
  0x000001fb6972a000 JavaThread "Finalizer" daemon [_thread_blocked, id=11380, stack(0x000000f09ed00000,0x000000f09ee00000)]
  0x000001fb69720800 JavaThread "Reference Handler" daemon [_thread_blocked, id=13968, stack(0x000000f09ec00000,0x000000f09ed00000)]
  0x000001fb4ea47000 JavaThread "Client thread" [_thread_in_native, id=10504, stack(0x000000f09e000000,0x000000f09e100000)]

Other Threads:
  0x000001fb696f9800 VMThread [stack: 0x000000f09eb00000,0x000000f09ec00000] [id=12780]
  0x000001fb6bd88000 WatcherThread [stack: 0x000000f09f600000,0x000000f09f700000] [id=19656]

VM state:not at safepoint (normal execution)

VM Mutex/Monitor currently owned by a thread: None

heap address: 0x00000006c1200000, size: 4078 MB, Compressed Oops mode: Zero based, Oop shift amount: 3
Narrow klass base: 0x0000000000000000, Narrow klass shift: 3
Compressed class space size: 1073741824 Address: 0x00000007c0000000

Heap:
 PSYoungGen      total 252416K, used 135113K [0x000000076b100000, 0x000000077d900000, 0x00000007c0000000)
  eden space 227328K, 59% used [0x000000076b100000,0x00000007734f2718,0x0000000778f00000)
  from space 25088K, 0% used [0x000000077b000000,0x000000077b000000,0x000000077c880000)
  to   space 33792K, 0% used [0x0000000778f00000,0x0000000778f00000,0x000000077b000000)
 ParOldGen       total 166400K, used 65176K [0x00000006c1200000, 0x00000006cb480000, 0x000000076b100000)
  object space 166400K, 39% used [0x00000006c1200000,0x00000006c51a6100,0x00000006cb480000)
 Metaspace       used 44666K, capacity 45595K, committed 45912K, reserved 1089536K
  class space    used 5772K, capacity 6155K, committed 6232K, reserved 1048576K

Card table byte_map: [0x000001fb5f770000,0x000001fb5ff70000] byte_map_base: 0x000001fb5c167000

Marking Bits: (ParMarkBitMap*) 0x0000000057c16530
 Begin Bits: [0x000001fb604c0000, 0x000001fb64478000)
 End Bits:   [0x000001fb64478000, 0x000001fb68430000)

Polling page: 0x000001fb4eba0000

CodeCache: size=245760Kb used=11195Kb max_used=11338Kb free=234564Kb
 bounds [0x000001fb503b0000, 0x000001fb50ee0000, 0x000001fb5f3b0000]
 total_blobs=4440 nmethods=3649 adapters=703
 compilation: enabled

Compilation events (10 events):
Event: 20.982 Thread 0x000001fb6bd54000 4216       4       java.util.regex.Matcher::group (112 bytes)
Event: 20.983 Thread 0x000001fb6bd45800 4217       3       java.util.Formatter$FormatSpecifier::checkGeneral (114 bytes)
Event: 20.983 Thread 0x000001fb6bd45800 nmethod 4217 0x000001fb50710410 code [0x000001fb50710640, 0x000001fb507113b0]
Event: 20.984 Thread 0x000001fb6bd45800 4218   !   3       java.net.URLClassLoader::getResourceAsStream (137 bytes)
Event: 20.985 Thread 0x000001fb6bd45800 nmethod 4218 0x000001fb50ed01d0 code [0x000001fb50ed0400, 0x000001fb50ed1470]
Event: 20.986 Thread 0x000001fb6bd54000 nmethod 4216 0x000001fb504ca9d0 code [0x000001fb504cab60, 0x000001fb504cb0d8]
Event: 20.994 Thread 0x000001fb6bd45800 4219       3       java.util.concurrent.locks.LockSupport::parkNanos (29 bytes)
Event: 20.994 Thread 0x000001fb6bd45800 nmethod 4219 0x000001fb506ed210 code [0x000001fb506ed380, 0x000001fb506ed710]
Event: 20.998 Thread 0x000001fb6bd44000 4220       4       java.util.ArrayList::toArray (60 bytes)
Event: 21.001 Thread 0x000001fb6bd44000 nmethod 4220 0x000001fb5052a890 code [0x000001fb5052a9e0, 0x000001fb5052aeb8]

GC Heap History (10 events):
Event: 15.871 GC heap before
{Heap before GC invocations=6 (full 1):
 PSYoungGen      total 76288K, used 73929K [0x000000076b100000, 0x0000000770600000, 0x00000007c0000000)
  eden space 65536K, 100% used [0x000000076b100000,0x000000076f100000,0x000000076f100000)
  from space 10752K, 78% used [0x000000076fb80000,0x00000007703b2550,0x0000000770600000)
  to   space 10752K, 0% used [0x000000076f100000,0x000000076f100000,0x000000076fb80000)
 ParOldGen       total 72704K, used 17290K [0x00000006c1200000, 0x00000006c5900000, 0x000000076b100000)
  object space 72704K, 23% used [0x00000006c1200000,0x00000006c22e2888,0x00000006c5900000)
 Metaspace       used 28428K, capacity 28604K, committed 28800K, reserved 1075200K
  class space    used 3899K, capacity 3966K, committed 3968K, reserved 1048576K
Event: 15.876 GC heap after
Heap after GC invocations=6 (full 1):
 PSYoungGen      total 76288K, used 10740K [0x000000076b100000, 0x0000000774480000, 0x00000007c0000000)
  eden space 65536K, 0% used [0x000000076b100000,0x000000076b100000,0x000000076f100000)
  from space 10752K, 99% used [0x000000076f100000,0x000000076fb7d040,0x000000076fb80000)
  to   space 12800K, 0% used [0x0000000773800000,0x0000000773800000,0x0000000774480000)
 ParOldGen       total 72704K, used 18266K [0x00000006c1200000, 0x00000006c5900000, 0x000000076b100000)
  object space 72704K, 25% used [0x00000006c1200000,0x00000006c23d6898,0x00000006c5900000)
 Metaspace       used 28428K, capacity 28604K, committed 28800K, reserved 1075200K
  class space    used 3899K, capacity 3966K, committed 3968K, reserved 1048576K
}
Event: 15.977 GC heap before
{Heap before GC invocations=7 (full 1):
 PSYoungGen      total 76288K, used 76276K [0x000000076b100000, 0x0000000774480000, 0x00000007c0000000)
  eden space 65536K, 100% used [0x000000076b100000,0x000000076f100000,0x000000076f100000)
  from space 10752K, 99% used [0x000000076f100000,0x000000076fb7d040,0x000000076fb80000)
  to   space 12800K, 0% used [0x0000000773800000,0x0000000773800000,0x0000000774480000)
 ParOldGen       total 72704K, used 18266K [0x00000006c1200000, 0x00000006c5900000, 0x000000076b100000)
  object space 72704K, 25% used [0x00000006c1200000,0x00000006c23d6898,0x00000006c5900000)
 Metaspace       used 28443K, capacity 28604K, committed 28800K, reserved 1075200K
  class space    used 3900K, capacity 3966K, committed 3968K, reserved 1048576K
Event: 15.985 GC heap after
Heap after GC invocations=7 (full 1):
 PSYoungGen      total 134144K, used 12768K [0x000000076b100000, 0x0000000774f80000, 0x00000007c0000000)
  eden space 121344K, 0% used [0x000000076b100000,0x000000076b100000,0x0000000772780000)
  from space 12800K, 99% used [0x0000000773800000,0x0000000774478030,0x0000000774480000)
  to   space 16896K, 0% used [0x0000000772780000,0x0000000772780000,0x0000000773800000)
 ParOldGen       total 72704K, used 21437K [0x00000006c1200000, 0x00000006c5900000, 0x000000076b100000)
  object space 72704K, 29% used [0x00000006c1200000,0x00000006c26ef5c8,0x00000006c5900000)
 Metaspace       used 28443K, capacity 28604K, committed 28800K, reserved 1075200K
  class space    used 3900K, capacity 3966K, committed 3968K, reserved 1048576K
}
Event: 17.584 GC heap before
{Heap before GC invocations=8 (full 1):
 PSYoungGen      total 134144K, used 118803K [0x000000076b100000, 0x0000000774f80000, 0x00000007c0000000)
  eden space 121344K, 87% used [0x000000076b100000,0x000000077188ccf8,0x0000000772780000)
  from space 12800K, 99% used [0x0000000773800000,0x0000000774478030,0x0000000774480000)
  to   space 16896K, 0% used [0x0000000772780000,0x0000000772780000,0x0000000773800000)
 ParOldGen       total 72704K, used 21437K [0x00000006c1200000, 0x00000006c5900000, 0x000000076b100000)
  object space 72704K, 29% used [0x00000006c1200000,0x00000006c26ef5c8,0x00000006c5900000)
 Metaspace       used 33271K, capacity 33453K, committed 33920K, reserved 1079296K
  class space    used 4328K, capacity 4395K, committed 4480K, reserved 1048576K
Event: 17.598 GC heap after
Heap after GC invocations=8 (full 1):
 PSYoungGen      total 138240K, used 16880K [0x000000076b100000, 0x000000077c880000, 0x00000007c0000000)
  eden space 121344K, 0% used [0x000000076b100000,0x000000076b100000,0x0000000772780000)
  from space 16896K, 99% used [0x0000000772780000,0x00000007737fc060,0x0000000773800000)
  to   space 25088K, 0% used [0x000000077b000000,0x000000077b000000,0x000000077c880000)
 ParOldGen       total 72704K, used 32710K [0x00000006c1200000, 0x00000006c5900000, 0x000000076b100000)
  object space 72704K, 44% used [0x00000006c1200000,0x00000006c31f1968,0x00000006c5900000)
 Metaspace       used 33271K, capacity 33453K, committed 33920K, reserved 1079296K
  class space    used 4328K, capacity 4395K, committed 4480K, reserved 1048576K
}
Event: 18.508 GC heap before
{Heap before GC invocations=9 (full 1):
 PSYoungGen      total 138240K, used 52341K [0x000000076b100000, 0x000000077c880000, 0x00000007c0000000)
  eden space 121344K, 29% used [0x000000076b100000,0x000000076d3a1730,0x0000000772780000)
  from space 16896K, 99% used [0x0000000772780000,0x00000007737fc060,0x0000000773800000)
  to   space 25088K, 0% used [0x000000077b000000,0x000000077b000000,0x000000077c880000)
 ParOldGen       total 72704K, used 32710K [0x00000006c1200000, 0x00000006c5900000, 0x000000076b100000)
  object space 72704K, 44% used [0x00000006c1200000,0x00000006c31f1968,0x00000006c5900000)
 Metaspace       used 34891K, capacity 35155K, committed 35416K, reserved 1079296K
  class space    used 4504K, capacity 4632K, committed 4696K, reserved 1048576K
Event: 18.521 GC heap after
Heap after GC invocations=9 (full 1):
 PSYoungGen      total 252416K, used 25056K [0x000000076b100000, 0x000000077d900000, 0x00000007c0000000)
  eden space 227328K, 0% used [0x000000076b100000,0x000000076b100000,0x0000000778f00000)
  from space 25088K, 99% used [0x000000077b000000,0x000000077c878020,0x000000077c880000)
  to   space 33792K, 0% used [0x0000000778f00000,0x0000000778f00000,0x000000077b000000)
 ParOldGen       total 72704K, used 43365K [0x00000006c1200000, 0x00000006c5900000, 0x000000076b100000)
  object space 72704K, 59% used [0x00000006c1200000,0x00000006c3c59438,0x00000006c5900000)
 Metaspace       used 34891K, capacity 35155K, committed 35416K, reserved 1079296K
  class space    used 4504K, capacity 4632K, committed 4696K, reserved 1048576K
}
Event: 18.521 GC heap before
{Heap before GC invocations=10 (full 2):
 PSYoungGen      total 252416K, used 25056K [0x000000076b100000, 0x000000077d900000, 0x00000007c0000000)
  eden space 227328K, 0% used [0x000000076b100000,0x000000076b100000,0x0000000778f00000)
  from space 25088K, 99% used [0x000000077b000000,0x000000077c878020,0x000000077c880000)
  to   space 33792K, 0% used [0x0000000778f00000,0x0000000778f00000,0x000000077b000000)
 ParOldGen       total 72704K, used 43365K [0x00000006c1200000, 0x00000006c5900000, 0x000000076b100000)
  object space 72704K, 59% used [0x00000006c1200000,0x00000006c3c59438,0x00000006c5900000)
 Metaspace       used 34891K, capacity 35155K, committed 35416K, reserved 1079296K
  class space    used 4504K, capacity 4632K, committed 4696K, reserved 1048576K
Event: 18.664 GC heap after
Heap after GC invocations=10 (full 2):
 PSYoungGen      total 252416K, used 0K [0x000000076b100000, 0x000000077d900000, 0x00000007c0000000)
  eden space 227328K, 0% used [0x000000076b100000,0x000000076b100000,0x0000000778f00000)
  from space 25088K, 0% used [0x000000077b000000,0x000000077b000000,0x000000077c880000)
  to   space 33792K, 0% used [0x0000000778f00000,0x0000000778f00000,0x000000077b000000)
 ParOldGen       total 166400K, used 65176K [0x00000006c1200000, 0x00000006cb480000, 0x000000076b100000)
  object space 166400K, 39% used [0x00000006c1200000,0x00000006c51a6100,0x00000006cb480000)
 Metaspace       used 34891K, capacity 35155K, committed 35416K, reserved 1079296K
  class space    used 4504K, capacity 4632K, committed 4696K, reserved 1048576K
}

Deoptimization events (10 events):
Event: 20.085 Thread 0x000001fb6ce7b000 Uncommon trap: reason=unstable_if action=reinterpret pc=0x000001fb50662004 method=java.util.jar.Manifest$FastInputStream.peek()B @ 8
Event: 20.209 Thread 0x000001fb6ce7f000 Uncommon trap: reason=null_check action=make_not_entrant pc=0x000001fb50e8a46c method=com.sun.jna.Function.invoke(Ljava/lang/Class;[Ljava/lang/Object;Ljava/util/Map;)Ljava/lang/Object; @ 152
Event: 20.365 Thread 0x000001fb6ce7b000 Uncommon trap: reason=unstable_if action=reinterpret pc=0x000001fb505aa784 method=java.lang.String.indexOf([CII[CIII)I @ 27
Event: 20.532 Thread 0x000001fb6ce7b000 Uncommon trap: reason=class_check action=maybe_recompile pc=0x000001fb5057d44c method=java.lang.String.equals(Ljava/lang/Object;)Z @ 8
Event: 20.532 Thread 0x000001fb6ce7b000 Uncommon trap: reason=class_check action=maybe_recompile pc=0x000001fb5057d44c method=java.lang.String.equals(Ljava/lang/Object;)Z @ 8
Event: 20.532 Thread 0x000001fb6ce7b000 Uncommon trap: reason=unstable_if action=reinterpret pc=0x000001fb5090fc18 method=java.text.SimpleDateFormat.zeroPaddingNumber(IIILjava/lang/StringBuffer;)V @ 4
Event: 20.539 Thread 0x000001fb6ce7b000 Uncommon trap: reason=unstable_if action=reinterpret pc=0x000001fb507f3e14 method=java.util.concurrent.ConcurrentHashMap.putVal(Ljava/lang/Object;Ljava/lang/Object;Z)Ljava/lang/Object; @ 98
Event: 20.750 Thread 0x000001fb4ea47000 Uncommon trap: reason=unstable_if action=reinterpret pc=0x000001fb50c094b8 method=sun.nio.cs.UTF_8$Decoder.decodeArrayLoop(Ljava/nio/ByteBuffer;Ljava/nio/CharBuffer;)Ljava/nio/charset/CoderResult; @ 128
Event: 20.751 Thread 0x000001fb4ea47000 Uncommon trap: reason=unstable_if action=reinterpret pc=0x000001fb50bf0f30 method=sun.nio.cs.UTF_8$Decoder.decodeArrayLoop(Ljava/nio/ByteBuffer;Ljava/nio/CharBuffer;)Ljava/nio/charset/CoderResult; @ 128
Event: 20.754 Thread 0x000001fb4ea47000 Uncommon trap: reason=null_check action=make_not_entrant pc=0x000001fb50c02604 method=com.google.gson.JsonPrimitive.isPrimitiveOrString(Ljava/lang/Object;)Z @ 39

Classes redefined (0 events):
No events

Internal exceptions (10 events):
Event: 20.102 Thread 0x000001fb6ce7b000 Exception <a 'java/lang/NullPointerException'> (0x000000076e926228) thrown at [C:\jenkins\workspace\zulu8-build-win64\zulu-src.git\hotspot\src\share\vm\interpreter\linkResolver.cpp, line 1185]
Event: 20.102 Thread 0x000001fb6ce7b000 Exception <a 'java/lang/NullPointerException'> (0x000000076e926430) thrown at [C:\jenkins\workspace\zulu8-build-win64\zulu-src.git\hotspot\src\share\vm\interpreter\linkResolver.cpp, line 1185]
Event: 20.102 Thread 0x000001fb6ce7b000 Exception <a 'java/lang/NullPointerException'> (0x000000076e926a18) thrown at [C:\jenkins\workspace\zulu8-build-win64\zulu-src.git\hotspot\src\share\vm\interpreter\linkResolver.cpp, line 1185]
Event: 20.947 Thread 0x000001fb6ce7f800 Exception <a 'java/lang/InterruptedException': sleep interrupted> (0x00000007728e2f18) thrown at [C:\jenkins\workspace\zulu8-build-win64\zulu-src.git\hotspot\src\share\vm\prims\jvm.cpp, line 3390]
Event: 20.957 Thread 0x000001fb6ce7f800 Exception <a 'java/security/PrivilegedActionException'> (0x00000007729643f0) thrown at [C:\jenkins\workspace\zulu8-build-win64\zulu-src.git\hotspot\src\share\vm\prims\jvm.cpp, line 1530]
Event: 20.957 Thread 0x000001fb6ce7f800 Exception <a 'java/security/PrivilegedActionException'> (0x0000000772965ec8) thrown at [C:\jenkins\workspace\zulu8-build-win64\zulu-src.git\hotspot\src\share\vm\prims\jvm.cpp, line 1530]
Event: 20.957 Thread 0x000001fb6ce7f800 Exception <a 'java/security/PrivilegedActionException'> (0x0000000772966fe8) thrown at [C:\jenkins\workspace\zulu8-build-win64\zulu-src.git\hotspot\src\share\vm\prims\jvm.cpp, line 1530]
Event: 20.958 Thread 0x000001fb6ce7f800 Exception <a 'java/security/PrivilegedActionException'> (0x000000077296c590) thrown at [C:\jenkins\workspace\zulu8-build-win64\zulu-src.git\hotspot\src\share\vm\prims\jvm.cpp, line 1530]
Event: 20.958 Thread 0x000001fb6ce7f800 Exception <a 'java/security/PrivilegedActionException'> (0x000000077296d1e8) thrown at [C:\jenkins\workspace\zulu8-build-win64\zulu-src.git\hotspot\src\share\vm\prims\jvm.cpp, line 1530]
Event: 20.958 Thread 0x000001fb6ce7f800 Exception <a 'java/security/PrivilegedActionException'> (0x000000077296de10) thrown at [C:\jenkins\workspace\zulu8-build-win64\zulu-src.git\hotspot\src\share\vm\prims\jvm.cpp, line 1530]

Events (10 events):
Event: 20.988 loading class org/lwjgl/openal/ALC10
Event: 20.988 loading class org/lwjgl/openal/ALC10 done
Event: 21.000 loading class org/lwjgl/openal/ALCdevice
Event: 21.000 loading class org/lwjgl/openal/ALCdevice done
Event: 21.000 loading class org/lwjgl/openal/ALCcontext
Event: 21.000 loading class org/lwjgl/openal/ALCcontext done
Event: 21.001 loading class org/lwjgl/openal/Util
Event: 21.001 loading class org/lwjgl/openal/Util done
Event: 21.001 loading class org/lwjgl/openal/OpenALException
Event: 21.001 loading class org/lwjgl/openal/OpenALException done


Dynamic libraries:
0x00007ff6c2e70000 - 0x00007ff6c2ec1000 	C:\Users\djlev\.jdks\azul-1.8.0_332\bin\java.exe
0x00007ff803b50000 - 0x00007ff803d48000 	C:\WINDOWS\SYSTEM32\ntdll.dll
0x00007ff802e30000 - 0x00007ff802eed000 	C:\WINDOWS\System32\KERNEL32.DLL
0x00007ff801680000 - 0x00007ff80194e000 	C:\WINDOWS\System32\KERNELBASE.dll
0x00007ff802bf0000 - 0x00007ff802c9e000 	C:\WINDOWS\System32\ADVAPI32.dll
0x00007ff802240000 - 0x00007ff8022de000 	C:\WINDOWS\System32\msvcrt.dll
0x00007ff8038e0000 - 0x00007ff80397c000 	C:\WINDOWS\System32\sechost.dll
0x00007ff8039e0000 - 0x00007ff803b05000 	C:\WINDOWS\System32\RPCRT4.dll
0x00007ff802070000 - 0x00007ff802210000 	C:\WINDOWS\System32\USER32.dll
0x00007ff801350000 - 0x00007ff801372000 	C:\WINDOWS\System32\win32u.dll
0x00007ff802a30000 - 0x00007ff802a5a000 	C:\WINDOWS\System32\GDI32.dll
0x00007ff801a50000 - 0x00007ff801b5b000 	C:\WINDOWS\System32\gdi32full.dll
0x00007ff801410000 - 0x00007ff8014ad000 	C:\WINDOWS\System32\msvcp_win.dll
0x00007ff801950000 - 0x00007ff801a50000 	C:\WINDOWS\System32\ucrtbase.dll
0x00007ffff5c50000 - 0x00007ffff5eea000 	C:\WINDOWS\WinSxS\amd64_microsoft.windows.common-controls_6595b64144ccf1df_6.0.19041.1110_none_60b5254171f9507e\COMCTL32.dll
0x00007ff802210000 - 0x00007ff802240000 	C:\WINDOWS\System32\IMM32.DLL
0x00007ffff5520000 - 0x00007ffff5535000 	C:\Users\djlev\.jdks\azul-1.8.0_332\jre\bin\vcruntime140.dll
0x00007fffcdec0000 - 0x00007fffcdf5b000 	C:\Users\djlev\.jdks\azul-1.8.0_332\jre\bin\msvcp140.dll
0x0000000057420000 - 0x0000000057c91000 	C:\Users\djlev\.jdks\azul-1.8.0_332\jre\bin\server\jvm.dll
0x00007ff802be0000 - 0x00007ff802be8000 	C:\WINDOWS\System32\PSAPI.DLL
0x00007ffffc5d0000 - 0x00007ffffc5d9000 	C:\WINDOWS\SYSTEM32\WSOCK32.dll
0x00007ffff78b0000 - 0x00007ffff78d7000 	C:\WINDOWS\SYSTEM32\WINMM.dll
0x00007ff8032e0000 - 0x00007ff80334b000 	C:\WINDOWS\System32\WS2_32.dll
0x00007ffffb370000 - 0x00007ffffb37a000 	C:\WINDOWS\SYSTEM32\VERSION.dll
0x00007fffff140000 - 0x00007fffff152000 	C:\WINDOWS\SYSTEM32\kernel.appcore.dll
0x00007ffffcbb0000 - 0x00007ffffcbc0000 	C:\Users\djlev\.jdks\azul-1.8.0_332\jre\bin\verify.dll
0x00007ffff54f0000 - 0x00007ffff551b000 	C:\Users\djlev\.jdks\azul-1.8.0_332\jre\bin\java.dll
0x00007fffdb0c0000 - 0x00007fffdb0f8000 	C:\Users\djlev\.jdks\azul-1.8.0_332\jre\bin\instrument.dll
0x00007fffdf5e0000 - 0x00007fffdf5f8000 	C:\Users\djlev\.jdks\azul-1.8.0_332\jre\bin\zip.dll
0x00007ff8022e0000 - 0x00007ff802a24000 	C:\WINDOWS\System32\SHELL32.dll
0x00007fffff340000 - 0x00007fffffad4000 	C:\WINDOWS\SYSTEM32\windows.storage.dll
0x00007ff802f80000 - 0x00007ff8032d4000 	C:\WINDOWS\System32\combase.dll
0x00007ff800bf0000 - 0x00007ff800c20000 	C:\WINDOWS\SYSTEM32\Wldp.dll
0x00007ff801d60000 - 0x00007ff801e0d000 	C:\WINDOWS\System32\SHCORE.dll
0x00007ff803980000 - 0x00007ff8039d5000 	C:\WINDOWS\System32\shlwapi.dll
0x00007ff8011b0000 - 0x00007ff8011cf000 	C:\WINDOWS\SYSTEM32\profapi.dll
0x00007fffd8550000 - 0x00007fffd856a000 	C:\Program Files\JetBrains\IntelliJ IDEA Community Edition 2021.1\bin\breakgen64.dll
0x00007fffdec30000 - 0x00007fffdec4c000 	C:\Users\djlev\.jdks\azul-1.8.0_332\jre\bin\net.dll
0x00007ff8009d0000 - 0x00007ff800a3a000 	C:\WINDOWS\system32\mswsock.dll
0x00007ffff5410000 - 0x00007ffff541d000 	C:\Users\djlev\.jdks\azul-1.8.0_332\jre\bin\management.dll
0x00007fffd8940000 - 0x00007fffd8953000 	C:\Users\djlev\.jdks\azul-1.8.0_332\jre\bin\nio.dll
0x00007fffc9e70000 - 0x00007fffc9e87000 	C:\WINDOWS\system32\napinsp.dll
0x00007fffc9e50000 - 0x00007fffc9e6b000 	C:\WINDOWS\system32\pnrpnsp.dll
0x00007fffe6cd0000 - 0x00007fffe6ce5000 	C:\WINDOWS\system32\wshbth.dll
0x00007ffffcdb0000 - 0x00007ffffcdcd000 	C:\WINDOWS\system32\NLAapi.dll
0x00007ff800690000 - 0x00007ff8006cb000 	C:\WINDOWS\SYSTEM32\IPHLPAPI.DLL
0x00007ff8006e0000 - 0x00007ff8007ab000 	C:\WINDOWS\SYSTEM32\DNSAPI.dll
0x00007ff802d60000 - 0x00007ff802d68000 	C:\WINDOWS\System32\NSI.dll
0x00007fffc9e30000 - 0x00007fffc9e42000 	C:\WINDOWS\System32\winrnr.dll
0x00007ffff9660000 - 0x00007ffff966a000 	C:\Windows\System32\rasadhlp.dll
0x00007ffff9590000 - 0x00007ffff9610000 	C:\WINDOWS\System32\fwpuclnt.dll
0x00007ff801320000 - 0x00007ff801347000 	C:\WINDOWS\System32\bcrypt.dll
0x0000000180000000 - 0x0000000180053000 	C:\Users\djlev\Minecraft 1_8_9 lib\natives\lwjgl64.dll
0x00007fff9f750000 - 0x00007fff9f877000 	C:\WINDOWS\SYSTEM32\OPENGL32.dll
0x00007fff9dd40000 - 0x00007fff9dd6c000 	C:\WINDOWS\SYSTEM32\GLU32.dll
0x00007ff800f40000 - 0x00007ff800f58000 	C:\WINDOWS\SYSTEM32\CRYPTSP.dll
0x00007ff800300000 - 0x00007ff800334000 	C:\WINDOWS\system32\rsaenh.dll
0x00007ff801130000 - 0x00007ff80115e000 	C:\WINDOWS\SYSTEM32\USERENV.dll
0x00007ff801380000 - 0x00007ff801402000 	C:\WINDOWS\System32\bcryptprimitives.dll
0x00007ff800b60000 - 0x00007ff800b6c000 	C:\WINDOWS\SYSTEM32\CRYPTBASE.dll
0x00007ffffb670000 - 0x00007ffffb687000 	C:\WINDOWS\SYSTEM32\dhcpcsvc6.DLL
0x00007ffffb900000 - 0x00007ffffb91d000 	C:\WINDOWS\SYSTEM32\dhcpcsvc.DLL
0x00007fffc55c0000 - 0x00007fffc5754000 	C:\Users\djlev\.jdks\azul-1.8.0_332\jre\bin\awt.dll
0x00007ff801e10000 - 0x00007ff801edd000 	C:\WINDOWS\System32\OLEAUT32.dll
0x00007ffffea80000 - 0x00007ffffeb10000 	C:\WINDOWS\SYSTEM32\apphelp.dll
0x00007ffffb3a0000 - 0x00007ffffb44e000 	C:\WINDOWS\SYSTEM32\mscms.dll
0x00007ffffb380000 - 0x00007ffffb391000 	C:\WINDOWS\SYSTEM32\ColorAdapterClient.dll
0x00007ffffec60000 - 0x00007ffffecfe000 	C:\WINDOWS\system32\uxtheme.dll
0x00007ff803350000 - 0x00007ff803465000 	C:\WINDOWS\System32\MSCTF.dll
0x00007fffee340000 - 0x00007fffee439000 	C:\WINDOWS\SYSTEM32\textinputframework.dll
0x00007ffffe410000 - 0x00007ffffe76e000 	C:\WINDOWS\System32\CoreUIComponents.dll
0x00007ffffe770000 - 0x00007ffffe862000 	C:\WINDOWS\System32\CoreMessaging.dll
0x00007ffffff20000 - 0x00007ffffff53000 	C:\WINDOWS\SYSTEM32\ntmarta.dll
0x00007ffffdd40000 - 0x00007ffffde94000 	C:\WINDOWS\SYSTEM32\wintypes.dll
0x00007ff801f40000 - 0x00007ff80206a000 	C:\WINDOWS\System32\ole32.dll
0x00007ff802ca0000 - 0x00007ff802d49000 	C:\WINDOWS\System32\clbcatq.dll
0x00007fff7b2a0000 - 0x00007fff7e2c8000 	C:\WINDOWS\System32\DriverStore\FileRepository\nv_dispig.inf_amd64_285c47b39443c332\nvoglv64.dll
0x00007ff803470000 - 0x00007ff8038df000 	C:\WINDOWS\System32\SETUPAPI.dll
0x00007ff801b60000 - 0x00007ff801bae000 	C:\WINDOWS\System32\cfgmgr32.dll
0x00007ffffccb0000 - 0x00007ffffccc4000 	C:\WINDOWS\SYSTEM32\WTSAPI32.dll
0x00007ff800fc0000 - 0x00007ff800fd2000 	C:\WINDOWS\SYSTEM32\msasn1.dll
0x00007ffffb330000 - 0x00007ffffb361000 	C:\WINDOWS\SYSTEM32\cryptnet.dll
0x00007ff801520000 - 0x00007ff801676000 	C:\WINDOWS\System32\CRYPT32.dll
0x00007ffffb0d0000 - 0x00007ffffb218000 	C:\WINDOWS\SYSTEM32\drvstore.dll
0x00007ff801020000 - 0x00007ff80104c000 	C:\WINDOWS\SYSTEM32\devobj.dll
0x00007ff8014b0000 - 0x00007ff801517000 	C:\WINDOWS\System32\WINTRUST.dll
0x00007ffff89d0000 - 0x00007ffff8a0b000 	C:\WINDOWS\SYSTEM32\dxcore.dll
0x00007fffa6e40000 - 0x00007fffa7107000 	C:\WINDOWS\system32\nvspcap64.dll
0x00007ffffef60000 - 0x00007ffffef8f000 	C:\WINDOWS\SYSTEM32\dwmapi.dll
0x00007fffce1e0000 - 0x00007fffce223000 	C:\WINDOWS\SYSTEM32\icm32.dll
0x00007ff800800000 - 0x00007ff80084b000 	C:\WINDOWS\SYSTEM32\powrprof.dll
0x00007ff800670000 - 0x00007ff800682000 	C:\WINDOWS\SYSTEM32\UMPDC.dll
0x00007ffffff90000 - 0x00007ffffffea000 	C:\WINDOWS\SYSTEM32\WINSTA.dll
0x00007fffe9080000 - 0x00007fffe9087000 	C:\Users\djlev\.jdks\azul-1.8.0_332\jre\bin\jawt.dll
0x00007fffc8d00000 - 0x00007fffc8e37000 	C:\Users\djlev\minecraft-dir\Slice\cef\chrome_elf.dll
0x00007fff53210000 - 0x00007fff5d4c1000 	C:\Users\djlev\minecraft-dir\Slice\cef\libcef.dll
0x00007ffffc860000 - 0x00007ffffc956000 	C:\WINDOWS\SYSTEM32\PROPSYS.dll
0x00007fffffb20000 - 0x00007fffffc13000 	C:\WINDOWS\SYSTEM32\dxgi.dll
0x00007ffffa520000 - 0x00007ffffa704000 	C:\WINDOWS\SYSTEM32\dbghelp.dll
0x00007ff802b00000 - 0x00007ff802bda000 	C:\WINDOWS\System32\COMDLG32.dll
0x00007fffd5620000 - 0x00007fffd5915000 	C:\WINDOWS\SYSTEM32\UIAutomationCore.DLL
0x00007ffff5be0000 - 0x00007ffff5c46000 	C:\WINDOWS\SYSTEM32\OLEACC.dll
0x00007fffdd910000 - 0x00007fffdd91c000 	C:\WINDOWS\SYSTEM32\Secur32.dll
0x00007fffe6c50000 - 0x00007fffe6c6a000 	C:\WINDOWS\SYSTEM32\NETAPI32.dll
0x00007fffffae0000 - 0x00007fffffaed000 	C:\WINDOWS\SYSTEM32\HID.DLL
0x00007fffec8a0000 - 0x00007fffecb1f000 	C:\WINDOWS\SYSTEM32\DWrite.dll
0x00007ff800c60000 - 0x00007ff800c87000 	C:\WINDOWS\SYSTEM32\ncrypt.dll
0x00007fffa5560000 - 0x00007fffa5579000 	C:\WINDOWS\SYSTEM32\USP10.dll
0x00007ffff7990000 - 0x00007ffff7a28000 	C:\WINDOWS\SYSTEM32\WINSPOOL.DRV
0x00007ffff4b00000 - 0x00007ffff4ccf000 	C:\WINDOWS\SYSTEM32\d3d9.dll
0x00007fffd8480000 - 0x00007fffd84a4000 	C:\WINDOWS\SYSTEM32\dxva2.dll
0x00007fffecb20000 - 0x00007fffecd0c000 	C:\WINDOWS\SYSTEM32\urlmon.dll
0x00007fffdd920000 - 0x00007fffdd97e000 	C:\WINDOWS\SYSTEM32\CRYPTUI.dll
0x00007ffffa7d0000 - 0x00007ffffa8da000 	C:\WINDOWS\SYSTEM32\WINHTTP.dll
0x00007fffa5540000 - 0x00007fffa555a000 	C:\WINDOWS\SYSTEM32\credui.dll
0x00007ffffc550000 - 0x00007ffffc5b5000 	C:\WINDOWS\SYSTEM32\wevtapi.dll
0x00007fffe9c70000 - 0x00007fffea146000 	C:\WINDOWS\SYSTEM32\WININET.dll
0x00007fffe3750000 - 0x00007fffe3a7b000 	C:\WINDOWS\SYSTEM32\ESENT.dll
0x00007fffece50000 - 0x00007fffed101000 	C:\WINDOWS\SYSTEM32\iertutil.dll
0x00007ff8006d0000 - 0x00007ff8006dc000 	C:\WINDOWS\SYSTEM32\netutils.dll
0x00007ffff48b0000 - 0x00007ffff48d8000 	C:\WINDOWS\SYSTEM32\srvcli.dll
0x00007ff801160000 - 0x00007ff801192000 	C:\WINDOWS\SYSTEM32\SSPICLI.DLL
0x00007ffffcd40000 - 0x00007ffffcd4a000 	C:\WINDOWS\SYSTEM32\DSROLE.DLL
0x00007ff800420000 - 0x00007ff800439000 	C:\WINDOWS\SYSTEM32\WKSCLI.DLL
0x00007ffff4d60000 - 0x00007ffff4d79000 	C:\WINDOWS\SYSTEM32\SAMCLI.DLL
0x00007ff800c20000 - 0x00007ff800c5b000 	C:\WINDOWS\SYSTEM32\NTASN1.dll
0x00007fffc8ad0000 - 0x00007fffc8bb7000 	C:\Users\djlev\minecraft-dir\Slice\cef\jcef.dll
0x000001fb74640000 - 0x000001fb74678000 	C:\Users\djlev\AppData\Local\Temp\jna\jna3778970050746912.dll

VM Arguments:
jvm_args: -Djava.library.path=C:\Users\djlev\Minecraft 1_8_9 lib\natives -javaagent:C:\Program Files\JetBrains\IntelliJ IDEA Community Edition 2021.1\lib\idea_rt.jar=64590:C:\Program Files\JetBrains\IntelliJ IDEA Community Edition 2021.1\bin -Dfile.encoding=UTF-8 
java_command: Start --gameDir C:\Users\djlev\minecraft-dir --assetsDir C:\Users\djlev\AppData\Roaming\.minecraft\assets
java_class_path (initial): C:\Users\djlev\.jdks\azul-1.8.0_332\jre\lib\cat.jar;C:\Users\djlev\.jdks\azul-1.8.0_332\jre\lib\charsets.jar;C:\Users\djlev\.jdks\azul-1.8.0_332\jre\lib\ext\access-bridge-64.jar;C:\Users\djlev\.jdks\azul-1.8.0_332\jre\lib\ext\cldrdata.jar;C:\Users\djlev\.jdks\azul-1.8.0_332\jre\lib\ext\crs-agent.jar;C:\Users\djlev\.jdks\azul-1.8.0_332\jre\lib\ext\dnsns.jar;C:\Users\djlev\.jdks\azul-1.8.0_332\jre\lib\ext\jaccess.jar;C:\Users\djlev\.jdks\azul-1.8.0_332\jre\lib\ext\legacy8ujsse.jar;C:\Users\djlev\.jdks\azul-1.8.0_332\jre\lib\ext\localedata.jar;C:\Users\djlev\.jdks\azul-1.8.0_332\jre\lib\ext\nashorn.jar;C:\Users\djlev\.jdks\azul-1.8.0_332\jre\lib\ext\openjsse.jar;C:\Users\djlev\.jdks\azul-1.8.0_332\jre\lib\ext\sunec.jar;C:\Users\djlev\.jdks\azul-1.8.0_332\jre\lib\ext\sunjce_provider.jar;C:\Users\djlev\.jdks\azul-1.8.0_332\jre\lib\ext\sunmscapi.jar;C:\Users\djlev\.jdks\azul-1.8.0_332\jre\lib\ext\sunpkcs11.jar;C:\Users\djlev\.jdks\azul-1.8.0_332\jre\lib\ext\zipfs.jar;C:\Users\djlev\.jdks\azul-1.8.0_332\jre\lib\jce.jar;C:\Users\djlev\.jdks\azul-1.8.0_332\jre\lib\jfr.jar;C:\Users\djlev\.jdks\azul-1.8.0_332\jre\lib\jsse.jar;C:\Users\djlev\.jdks\azul-1.8.0_332\jre\lib\management-agent.jar;C:\Users\djlev\.jdks\azul-1.8.0_332\jre\lib\resources.jar;C:\Users\djlev\.jdks\azul-1.8.0_332\jre\lib\rt.jar;C:\Users\djlev\IdeaProjects\Slice\out\production\Slice;C:\Users\djlev\Minecraft 1_8_9 lib\1.8.jar;C:\Users\djlev\Minecraft 1_8_9 lib\lombok.jar;C:\Users\djlev\Minecraft 1_8_9 lib\jna-3.4.0.jar;C:\Users\djlev\Minecraft 1_8_9 lib\netty-1.6.jar;C:\Users\djlev\Minecraft 1_8_9 lib\gson-2.2.4.jar;C:\Users\djlev\Minecraft 1_8_9 lib\guava-17.0.jar;C:\Users\djlev\Minecraft 1_8_9 lib\javax.mail.jar;C:\Users\djlev\Minecraft 1_8_9 lib\twitch-6.5.jar;C:\Users\djlev\Minecraft 1_8_9 lib\discord-rpc.jar;C:\Users\djlev\Minecraft 1_8_9 lib\kotlin-test.jar;C:\Users\djlev\Minecraft 1_8_9 lib\jinput-2.0.5.jar;C:\Users\djlev\Minecraft 1_8_9 lib\jutils-1.0.0.jar;C:\Users\djlev\M
Launcher Type: SUN_STANDARD

Environment Variables:
JAVA_HOME=C:\Program Files\Java\jdk1.8.0_321\
PATH=C:\Program Files\Oculus\Support\oculus-runtime;C:\Program Files (x86)\VMware\VMware Workstation\bin\;C:\Program Files\Common Files\Oracle\Java\javapath;C:\Program Files (x86)\Common Files\Oracle\Java\javapath;C:\WINDOWS\system32;C:\WINDOWS;C:\WINDOWS\System32\Wbem;C:\WINDOWS\System32\WindowsPowerShell\v1.0\;C:\WINDOWS\System32\OpenSSH\;C:\Program Files (x86)\dotnet\;C:\Program Files\Git\cmd;C:\Program Files\dotnet\;C:\Program Files\nodejs\;C:\Program Files\PuTTY\;C:\Program Files\NVIDIA Corporation\NVIDIA NvDLISR;C:\Program Files (x86)\NVIDIA Corporation\PhysX\Common;C:\Program Files (x86)\cloudflared\.;C:\Users\djlev\AppData\Local\Programs\Python\Python39\Scripts\;C:\Users\djlev\AppData\Local\Programs\Python\Python39\;C:\Users\djlev\AppData\Local\Microsoft\WindowsApps;C:\Users\djlev\AppData\Local\Programs\Microsoft VS Code\bin;C:\Users\djlev\AppData\Local\GitHubDesktop\bin;C:\Users\djlev\.dotnet\tools;C:\Users\djlev\AppData\Roaming\npm;C:\Users\djlev\.deno\bin;C:\Program Files\Java\jdk1.8.0_321\bin;;C:\Users\djlev\AppData\Local\Programs\oh-my-posh\bin
USERNAME=djlev
OS=Windows_NT
PROCESSOR_IDENTIFIER=AMD64 Family 23 Model 8 Stepping 2, AuthenticAMD



---------------  S Y S T E M  ---------------

OS: Windows 10.0 , 64 bit Build 19041 (10.0.19041.1806)
HyperV virtualization detected

CPU:total 12 (initial active 12) (12 cores per cpu, 1 threads per core) family 23 model 8 stepping 2, cmov, cx8, fxsr, mmx, sse, sse2, sse3, ssse3, sse4.1, sse4.2, popcnt, avx, avx2, aes, clmul, mmxext, 3dnowpref, lzcnt, sse4a, tsc, tscinvbit, tscinv, bmi1

Memory: 4k page, physical 16702040k(8138900k free), swap 48159320k(28758156k free)

vm_info: OpenJDK 64-Bit Server VM (25.332-b09) for windows-amd64 JRE (Zulu 8.62.0.19-CA-win64) (1.8.0_332-b09), built on Apr 18 2022 15:32:49 by "tester" with MS VC++ 15.9 (VS2017)

time: Sat Aug 13 15:22:50 2022
timezone: Eastern Daylight Time
elapsed time: 21.039848 seconds (0d 0h 0m 21s)

