#
# A fatal error has been detected by the Java Runtime Environment:
#
#  EXCEPTION_ACCESS_VIOLATION (0xc0000005) at pc=0x00000000670a5d5b, pid=11956, tid=0x000000000000215c
#
# JRE version: OpenJDK Runtime Environment (Zulu 8.62.0.19-CA-win64) (8.0_332-b09) (build 1.8.0_332-b09)
# Java VM: OpenJDK 64-Bit Server VM (25.332-b09 mixed mode windows-amd64 compressed oops)
# Problematic frame:
# V  [jvm.dll+0x135d5b]
#
# Failed to write core dump. Minidumps are not enabled by default on client versions of Windows
#
# If you would like to submit a bug report, please visit:
#   http://www.azul.com/support/
#

---------------  T H R E A D  ---------------

Current thread (0x000002ae91e88800):  JavaThread "AWT-EventQueue-0" [_thread_in_vm, id=8540, stack(0x000000c26d600000,0x000000c26d700000)]

siginfo: ExceptionCode=0xc0000005, reading address 0x0000000000000000

Registers:
RAX=0x0000000000000000, RBX=0x000002ae91e88800, RCX=0x000002ae91e88800, RDX=0x0000000000000000
RSP=0x000000c26d6fc7b0, RBP=0x000002ae91e88800, RSI=0x000002ae931061c0, RDI=0x0000000000000000
R8 =0x0000000000000000, R9 =0x000002ae931061c0, R10=0x00000000676f3640, R11=0x000000c26d6fc780
R12=0x000000c26d6fc9f0, R13=0x0000000000000000, R14=0x0000000000000000, R15=0x0000000000000000
RIP=0x00000000670a5d5b, EFLAGS=0x0000000000010246

Top of Stack: (sp=0x000000c26d6fc7b0)
0x000000c26d6fc7b0:   000002ae91e88800 000002ae931061c0
0x000000c26d6fc7c0:   000000c26d6fc960 000002ae91e88a60
0x000000c26d6fc7d0:   000002af0e7500b0 00007ffbb64f3f29
0x000000c26d6fc7e0:   000002ae91e88800 000002ae8fd49ff8
0x000000c26d6fc7f0:   000002ae000000b3 00000000675500a0
0x000000c26d6fc800:   000002ae00000089 000002ae91e88a00
0x000000c26d6fc810:   000029a435516b97 000002ae91e88a60
0x000000c26d6fc820:   0000000000000000 00007ffbb6555800
0x000000c26d6fc830:   0000000000000001 0000000000000000
0x000000c26d6fc840:   000002ae91e88a60 000000c26d6fc960
0x000000c26d6fc850:   0000000000000000 00007ffbb64f4355
0x000000c26d6fc860:   0000000000000000 000000c26d6fc960
0x000000c26d6fc870:   000002ae91e88a60 0000000000f41244
0x000000c26d6fc880:   00009d0eb9670a3c 00007ffbe279b86b
0x000000c26d6fc890:   000000000006000c 0000000000000052
0x000000c26d6fc8a0:   000002ae8f77ca80 0000000000000000 

Instructions: (pc=0x00000000670a5d5b)
0x00000000670a5d3b:   00 74 0a 48 8d 4c 24 30 e8 d8 45 12 00 41 f6 c6
0x00000000670a5d4b:   01 74 0d 49 8b ce e8 8a 63 0b 00 48 8b e8 eb 03
0x00000000670a5d5b:   49 8b 2e 33 ff 48 85 f6 74 16 40 f6 c6 01 74 0d
0x00000000670a5d6b:   48 8b ce e8 6d 63 0b 00 48 8b f8 eb 03 48 8b 3e 


Register to memory mapping:

RAX=0x0000000000000000 is an unknown value
RBX=0x000002ae91e88800 is a thread
RCX=0x000002ae91e88800 is a thread
RDX=0x0000000000000000 is an unknown value
RSP=0x000000c26d6fc7b0 is pointing into the stack for thread: 0x000002ae91e88800
RBP=0x000002ae91e88800 is a thread
RSI=0x000002ae931061c0 is an unknown value
RDI=0x0000000000000000 is an unknown value
R8 =0x0000000000000000 is an unknown value
R9 =0x000002ae931061c0 is an unknown value
R10=0x00000000676f3640 is an unknown value
R11=0x000000c26d6fc780 is pointing into the stack for thread: 0x000002ae91e88800
R12=0x000000c26d6fc9f0 is pointing into the stack for thread: 0x000002ae91e88800
R13=0x0000000000000000 is an unknown value
R14=0x0000000000000000 is an unknown value
R15=0x0000000000000000 is an unknown value


Stack: [0x000000c26d600000,0x000000c26d700000],  sp=0x000000c26d6fc7b0,  free space=1009k
Native frames: (J=compiled Java code, j=interpreted, Vv=VM code, C=native code)
V  [jvm.dll+0x135d5b]
C  0x00007ffbb64f4355
C  0x00007ffbb6524922
C  [libcef.dll+0x3432d]
C  [libcef.dll+0x7166792]
C  [libcef.dll+0x7789b98]
C  [libcef.dll+0x362b004]
C  [libcef.dll+0xe96c94]
C  [libcef.dll+0x2f257f8]
C  [libcef.dll+0x3c1b31f]
C  [libcef.dll+0x2f267f6]
C  [libcef.dll+0x2f2c256]
C  [libcef.dll+0x2f2bd86]
C  [libcef.dll+0x3c1b31f]
C  [libcef.dll+0x2f24389]
C  [libcef.dll+0x2f24a23]
C  [libcef.dll+0x2f9d237]
C  [libcef.dll+0x3c33fe3]
C  [libcef.dll+0x3c33caf]
C  [libcef.dll+0x4958411]
C  [libcef.dll+0x3c347ed]
C  [libcef.dll+0x2f7f469]
C  [libcef.dll+0x2f80098]
C  [libcef.dll+0x2ed7a1f]
C  0x000002ae813e3c10

Java frames: (J=compiled Java code, j=interpreted, Vv=VM code)
J 7329  org.cef.CefApp.N_DoMessageLoopWork()V (0 bytes) @ 0x000002ae813e3b7b [0x000002ae813e3b40+0x3b]
J 12481 C2 java.awt.EventQueue$3.run()Ljava/lang/Object; (5 bytes) @ 0x000002ae820dd310 [0x000002ae820dcf60+0x3b0]
v  ~StubRoutines::call_stub
J 3346  java.security.AccessController.doPrivileged(Ljava/security/PrivilegedAction;Ljava/security/AccessControlContext;)Ljava/lang/Object; (0 bytes) @ 0x000002ae8062d026 [0x000002ae8062cfc0+0x66]
J 12469 C2 java.awt.EventDispatchThread.pumpOneEventForFilters(I)V (190 bytes) @ 0x000002ae815e072c [0x000002ae815dff20+0x80c]
J 15433% C2 java.awt.EventDispatchThread.pumpEventsForFilter(ILjava/awt/Conditional;Ljava/awt/EventFilter;)V (47 bytes) @ 0x000002ae818b3f7c [0x000002ae818b3e40+0x13c]
j  java.awt.EventDispatchThread.pumpEventsForHierarchy(ILjava/awt/Conditional;Ljava/awt/Component;)V+11
j  java.awt.EventDispatchThread.pumpEvents(ILjava/awt/Conditional;)V+4
j  java.awt.EventDispatchThread.pumpEvents(Ljava/awt/Conditional;)V+3
j  java.awt.EventDispatchThread.run()V+9
v  ~StubRoutines::call_stub

---------------  P R O C E S S  ---------------

Java Threads: ( => current thread )
  0x000002aea1aa6000 JavaThread "Timer-601" [_thread_blocked, id=17388, stack(0x000000c26e100000,0x000000c26e200000)]
  0x000002aea0c94800 JavaThread "File IO Thread" [_thread_blocked, id=9148, stack(0x000000c26cc00000,0x000000c26cd00000)]
  0x000002aea0c93800 JavaThread "Netty Server IO #1" daemon [_thread_in_native, id=19676, stack(0x000000c271200000,0x000000c271300000)]
  0x000002aea0c92800 JavaThread "Netty Local Client IO #0" daemon [_thread_blocked, id=4936, stack(0x000000c271100000,0x000000c271200000)]
  0x000002aeffb7d000 JavaThread "Netty Server IO #0" daemon [_thread_in_native, id=18916, stack(0x000000c270f00000,0x000000c271000000)]
  0x000002ae9f2e3000 JavaThread "LWJGL Timer" daemon [_thread_blocked, id=14288, stack(0x000000c270c00000,0x000000c270d00000)]
  0x000002ae9f2e1800 JavaThread "MarlinRenderer Disposer" daemon [_thread_blocked, id=14104, stack(0x000000c270b00000,0x000000c270c00000)]
  0x000002ae9f2dd800 JavaThread "ViaRewind-1_8TO1_9" daemon [_thread_blocked, id=2432, stack(0x000000c270d00000,0x000000c270e00000)]
  0x000002aeffb7c800 JavaThread "ViaMCP-1" daemon [_thread_blocked, id=16752, stack(0x000000c270600000,0x000000c270700000)]
  0x000002ae93299000 JavaThread "ViaMCP-0" daemon [_thread_blocked, id=14100, stack(0x000000c270500000,0x000000c270600000)]
  0x000002ae93298800 JavaThread "Chunk Batcher 9" daemon [_thread_blocked, id=16744, stack(0x000000c270400000,0x000000c270500000)]
  0x000002ae93297800 JavaThread "Chunk Batcher 8" daemon [_thread_blocked, id=12252, stack(0x000000c270300000,0x000000c270400000)]
  0x000002ae93297000 JavaThread "Chunk Batcher 7" daemon [_thread_blocked, id=18972, stack(0x000000c270200000,0x000000c270300000)]
  0x000002ae93290000 JavaThread "Chunk Batcher 6" daemon [_thread_blocked, id=2704, stack(0x000000c270100000,0x000000c270200000)]
  0x000002ae93296000 JavaThread "Chunk Batcher 5" daemon [_thread_blocked, id=20308, stack(0x000000c270000000,0x000000c270100000)]
  0x000002ae93295800 JavaThread "Chunk Batcher 4" daemon [_thread_blocked, id=20972, stack(0x000000c26ff00000,0x000000c270000000)]
  0x000002ae9328d800 JavaThread "Chunk Batcher 3" daemon [_thread_blocked, id=5648, stack(0x000000c26fe00000,0x000000c26ff00000)]
  0x000002ae9328f000 JavaThread "Chunk Batcher 2" daemon [_thread_blocked, id=5104, stack(0x000000c26fd00000,0x000000c26fe00000)]
  0x000002ae93294800 JavaThread "Chunk Batcher 1" daemon [_thread_blocked, id=5448, stack(0x000000c26fc00000,0x000000c26fd00000)]
  0x000002ae93293000 JavaThread "Chunk Batcher 0" daemon [_thread_blocked, id=7704, stack(0x000000c26f900000,0x000000c26fa00000)]
  0x000002aeffb7b000 JavaThread "Thread-21" [_thread_blocked, id=12572, stack(0x000000c26ed00000,0x000000c26ee00000)]
  0x000002aeffb79800 JavaThread "Thread-20" [_thread_blocked, id=20912, stack(0x000000c26ef00000,0x000000c26f000000)]
  0x000002aeffb7b800 JavaThread "Thread-19" [_thread_blocked, id=20936, stack(0x000000c26ee00000,0x000000c26ef00000)]
  0x000002ae93189800 JavaThread "TimerQueue" daemon [_thread_blocked, id=19448, stack(0x000000c26e900000,0x000000c26ea00000)]
=>0x000002ae91e88800 JavaThread "AWT-EventQueue-0" [_thread_in_vm, id=8540, stack(0x000000c26d600000,0x000000c26d700000)]
  0x000002ae92f86800 JavaThread "AWT-Windows" daemon [_thread_in_native, id=15992, stack(0x000000c26d500000,0x000000c26d600000)]
  0x000002ae92f84800 JavaThread "AWT-Shutdown" [_thread_blocked, id=22252, stack(0x000000c26d400000,0x000000c26d500000)]
  0x000002ae9048a800 JavaThread "Java2D Disposer" daemon [_thread_blocked, id=14896, stack(0x000000c26cd00000,0x000000c26ce00000)]
  0x000002ae92e77000 JavaThread "Timer hack thread" daemon [_thread_blocked, id=6840, stack(0x000000c26cb00000,0x000000c26cc00000)]
  0x000002ae8f7fb800 JavaThread "Snooper Timer" daemon [_thread_blocked, id=17788, stack(0x000000c26ca00000,0x000000c26cb00000)]
  0x000002aeffaec000 JavaThread "Service Thread" daemon [_thread_blocked, id=21028, stack(0x000000c26c800000,0x000000c26c900000)]
  0x000002aeffb76000 JavaThread "C1 CompilerThread3" daemon [_thread_blocked, id=9940, stack(0x000000c26c700000,0x000000c26c800000)]
  0x000002aeffb77800 JavaThread "C2 CompilerThread2" daemon [_thread_blocked, id=4148, stack(0x000000c26c600000,0x000000c26c700000)]
  0x000002aeffb75800 JavaThread "C2 CompilerThread1" daemon [_thread_blocked, id=11964, stack(0x000000c26c500000,0x000000c26c600000)]
  0x000002aeffb74800 JavaThread "C2 CompilerThread0" daemon [_thread_blocked, id=9532, stack(0x000000c26c400000,0x000000c26c500000)]
  0x000002aeff926800 JavaThread "JDWP Command Reader" daemon [_thread_in_native, id=20348, stack(0x000000c26c300000,0x000000c26c400000)]
  0x000002aefd4dd800 JavaThread "JDWP Event Helper Thread" daemon [_thread_blocked, id=14904, stack(0x000000c26c200000,0x000000c26c300000)]
  0x000002aefd4d4000 JavaThread "JDWP Transport Listener: dt_socket" daemon [_thread_blocked, id=3272, stack(0x000000c26c100000,0x000000c26c200000)]
  0x000002aefd4b5000 JavaThread "Attach Listener" daemon [_thread_blocked, id=13188, stack(0x000000c26c000000,0x000000c26c100000)]
  0x000002aefd4b3800 JavaThread "Signal Dispatcher" daemon [_thread_blocked, id=9272, stack(0x000000c26bf00000,0x000000c26c000000)]
  0x000002aefd48c000 JavaThread "Finalizer" daemon [_thread_blocked, id=1924, stack(0x000000c26be00000,0x000000c26bf00000)]
  0x000002aefd481000 JavaThread "Reference Handler" daemon [_thread_blocked, id=20188, stack(0x000000c26bd00000,0x000000c26be00000)]
  0x000002aef17e9000 JavaThread "Client thread" [_thread_blocked, id=13304, stack(0x000000c26b100000,0x000000c26b200000)]

Other Threads:
  0x000002aefd45a800 VMThread [stack: 0x000000c26bc00000,0x000000c26bd00000] [id=10484]
  0x000002aeffbe6800 WatcherThread [stack: 0x000000c26c900000,0x000000c26ca00000] [id=21956]

VM state:synchronizing (normal execution)

VM Mutex/Monitor currently owned by a thread:  ([mutex/lock_event])
[0x000002aef17e7cb0] Threads_lock - owner thread: 0x000002aefd45a800
[0x000002aef17e7ab0] Heap_lock - owner thread: 0x000002aef17e9000

OutOfMemory and StackOverflow Exception counts:
OutOfMemoryError java_heap_errors=53

heap address: 0x00000006c1200000, size: 4078 MB, Compressed Oops mode: Zero based, Oop shift amount: 3
Narrow klass base: 0x0000000000000000, Narrow klass shift: 3
Compressed class space size: 1073741824 Address: 0x00000007c0000000

Heap:
 PSYoungGen      total 1292288K, used 1197056K [0x000000076b100000, 0x00000007bfe00000, 0x00000007c0000000)
  eden space 1197056K, 100% used [0x000000076b100000,0x00000007b4200000,0x00000007b4200000)
  from space 95232K, 0% used [0x00000007b9e80000,0x00000007b9e80000,0x00000007bfb80000)
  to   space 94720K, 0% used [0x00000007b4200000,0x00000007b4200000,0x00000007b9e80000)
 ParOldGen       total 2784256K, used 2783874K [0x00000006c1200000, 0x000000076b100000, 0x000000076b100000)
  object space 2784256K, 99% used [0x00000006c1200000,0x000000076b0a0bf0,0x000000076b100000)
 Metaspace       used 71862K, capacity 74563K, committed 75008K, reserved 1114112K
  class space    used 8815K, capacity 9509K, committed 9728K, reserved 1048576K

Card table byte_map: [0x000002aef34d0000,0x000002aef3cd0000] byte_map_base: 0x000002aeefec7000

Marking Bits: (ParMarkBitMap*) 0x0000000067766530
 Begin Bits: [0x000002aef4220000, 0x000002aef81d8000)
 End Bits:   [0x000002aef81d8000, 0x000002aefc190000)

Polling page: 0x000002aef1780000

CodeCache: size=245760Kb used=43494Kb max_used=43551Kb free=202265Kb
 bounds [0x000002ae80000000, 0x000002ae82b30000, 0x000002ae8f000000]
 total_blobs=12640 nmethods=11597 adapters=960
 compilation: enabled

Compilation events (10 events):
Event: 9120.625 Thread 0x000002aeffb77800 16438       4       java.lang.Class$MethodArray::removeLessSpecifics (111 bytes)
Event: 9130.407 Thread 0x000002aeffb77800 nmethod 16438 0x000002ae814fa150 code [0x000002ae814fa280, 0x000002ae814fa2f8]
Event: 9145.883 Thread 0x000002aeffb75800 16439       4       java.lang.Class$MethodArray::addAll (22 bytes)
Event: 9155.704 Thread 0x000002aeffb75800 nmethod 16439 0x000002ae81a9dd10 code [0x000002ae81a9de60, 0x000002ae81a9e2f8]
Event: 9298.216 Thread 0x000002aeffb76000 16440       3       java.lang.Class$MethodArray::<init> (7 bytes)
Event: 9298.216 Thread 0x000002aeffb76000 nmethod 16440 0x000002ae81f73d90 code [0x000002ae81f73f00, 0x000002ae81f740b0]
Event: 9368.930 Thread 0x000002aeffb74800 16441       4       java.util.Formatter$FormatSpecifier::getZero (36 bytes)
Event: 9376.664 Thread 0x000002aeffb74800 nmethod 16441 0x000002ae801cf990 code [0x000002ae801cfae0, 0x000002ae801cfd18]
Event: 9489.640 Thread 0x000002aeffb77800 16442       4       sun.reflect.generics.visitor.Reifier::visitClassTypeSignature (381 bytes)
Event: 9494.563 Thread 0x000002aeffb77800 nmethod 16442 0x000002ae82a55850 code [0x000002ae82a55a40, 0x000002ae82a56968]

GC Heap History (10 events):
Event: 9634.957 GC heap before
{Heap before GC invocations=1891 (full 1465):
 PSYoungGen      total 1292288K, used 1196725K [0x000000076b100000, 0x00000007bfe00000, 0x00000007c0000000)
  eden space 1197056K, 99% used [0x000000076b100000,0x00000007b41ad460,0x00000007b4200000)
  from space 95232K, 0% used [0x00000007b9e80000,0x00000007b9e80000,0x00000007bfb80000)
  to   space 94720K, 0% used [0x00000007b4200000,0x00000007b4200000,0x00000007b9e80000)
 ParOldGen       total 2784256K, used 2783875K [0x00000006c1200000, 0x000000076b100000, 0x000000076b100000)
  object space 2784256K, 99% used [0x00000006c1200000,0x000000076b0a0f68,0x000000076b100000)
 Metaspace       used 71862K, capacity 74563K, committed 75008K, reserved 1114112K
  class space    used 8815K, capacity 9509K, committed 9728K, reserved 1048576K
Event: 9637.797 GC heap after
Heap after GC invocations=1891 (full 1465):
 PSYoungGen      total 1292288K, used 1196670K [0x000000076b100000, 0x00000007bfe00000, 0x00000007c0000000)
  eden space 1197056K, 99% used [0x000000076b100000,0x00000007b419f898,0x00000007b4200000)
  from space 95232K, 0% used [0x00000007b9e80000,0x00000007b9e80000,0x00000007bfb80000)
  to   space 94720K, 0% used [0x00000007b4200000,0x00000007b4200000,0x00000007b9e80000)
 ParOldGen       total 2784256K, used 2783875K [0x00000006c1200000, 0x000000076b100000, 0x000000076b100000)
  object space 2784256K, 99% used [0x00000006c1200000,0x000000076b0a0f68,0x000000076b100000)
 Metaspace       used 71862K, capacity 74563K, committed 75008K, reserved 1114112K
  class space    used 8815K, capacity 9509K, committed 9728K, reserved 1048576K
}
Event: 9637.799 GC heap before
{Heap before GC invocations=1892 (full 1466):
 PSYoungGen      total 1292288K, used 1197056K [0x000000076b100000, 0x00000007bfe00000, 0x00000007c0000000)
  eden space 1197056K, 100% used [0x000000076b100000,0x00000007b4200000,0x00000007b4200000)
  from space 95232K, 0% used [0x00000007b9e80000,0x00000007b9e80000,0x00000007bfb80000)
  to   space 94720K, 0% used [0x00000007b4200000,0x00000007b4200000,0x00000007b9e80000)
 ParOldGen       total 2784256K, used 2783875K [0x00000006c1200000, 0x000000076b100000, 0x000000076b100000)
  object space 2784256K, 99% used [0x00000006c1200000,0x000000076b0a0f68,0x000000076b100000)
 Metaspace       used 71862K, capacity 74563K, committed 75008K, reserved 1114112K
  class space    used 8815K, capacity 9509K, committed 9728K, reserved 1048576K
Event: 9642.696 GC heap after
Heap after GC invocations=1892 (full 1466):
 PSYoungGen      total 1292288K, used 1196788K [0x000000076b100000, 0x00000007bfe00000, 0x00000007c0000000)
  eden space 1197056K, 99% used [0x000000076b100000,0x00000007b41bd3f8,0x00000007b4200000)
  from space 95232K, 0% used [0x00000007b9e80000,0x00000007b9e80000,0x00000007bfb80000)
  to   space 94720K, 0% used [0x00000007b4200000,0x00000007b4200000,0x00000007b9e80000)
 ParOldGen       total 2784256K, used 2783875K [0x00000006c1200000, 0x000000076b100000, 0x000000076b100000)
  object space 2784256K, 99% used [0x00000006c1200000,0x000000076b0a0ed0,0x000000076b100000)
 Metaspace       used 71862K, capacity 74563K, committed 75008K, reserved 1114112K
  class space    used 8815K, capacity 9509K, committed 9728K, reserved 1048576K
}
Event: 9642.700 GC heap before
{Heap before GC invocations=1893 (full 1467):
 PSYoungGen      total 1292288K, used 1197056K [0x000000076b100000, 0x00000007bfe00000, 0x00000007c0000000)
  eden space 1197056K, 100% used [0x000000076b100000,0x00000007b4200000,0x00000007b4200000)
  from space 95232K, 0% used [0x00000007b9e80000,0x00000007b9e80000,0x00000007bfb80000)
  to   space 94720K, 0% used [0x00000007b4200000,0x00000007b4200000,0x00000007b9e80000)
 ParOldGen       total 2784256K, used 2783875K [0x00000006c1200000, 0x000000076b100000, 0x000000076b100000)
  object space 2784256K, 99% used [0x00000006c1200000,0x000000076b0a0ed0,0x000000076b100000)
 Metaspace       used 71862K, capacity 74563K, committed 75008K, reserved 1114112K
  class space    used 8815K, capacity 9509K, committed 9728K, reserved 1048576K
Event: 9647.550 GC heap after
Heap after GC invocations=1893 (full 1467):
 PSYoungGen      total 1292288K, used 1196715K [0x000000076b100000, 0x00000007bfe00000, 0x00000007c0000000)
  eden space 1197056K, 99% used [0x000000076b100000,0x00000007b41aae50,0x00000007b4200000)
  from space 95232K, 0% used [0x00000007b9e80000,0x00000007b9e80000,0x00000007bfb80000)
  to   space 94720K, 0% used [0x00000007b4200000,0x00000007b4200000,0x00000007b9e80000)
 ParOldGen       total 2784256K, used 2783875K [0x00000006c1200000, 0x000000076b100000, 0x000000076b100000)
  object space 2784256K, 99% used [0x00000006c1200000,0x000000076b0a0e90,0x000000076b100000)
 Metaspace       used 71862K, capacity 74563K, committed 75008K, reserved 1114112K
  class space    used 8815K, capacity 9509K, committed 9728K, reserved 1048576K
}
Event: 9647.552 GC heap before
{Heap before GC invocations=1894 (full 1468):
 PSYoungGen      total 1292288K, used 1197056K [0x000000076b100000, 0x00000007bfe00000, 0x00000007c0000000)
  eden space 1197056K, 100% used [0x000000076b100000,0x00000007b4200000,0x00000007b4200000)
  from space 95232K, 0% used [0x00000007b9e80000,0x00000007b9e80000,0x00000007bfb80000)
  to   space 94720K, 0% used [0x00000007b4200000,0x00000007b4200000,0x00000007b9e80000)
 ParOldGen       total 2784256K, used 2783875K [0x00000006c1200000, 0x000000076b100000, 0x000000076b100000)
  object space 2784256K, 99% used [0x00000006c1200000,0x000000076b0a0e90,0x000000076b100000)
 Metaspace       used 71862K, capacity 74563K, committed 75008K, reserved 1114112K
  class space    used 8815K, capacity 9509K, committed 9728K, reserved 1048576K
Event: 9652.430 GC heap after
Heap after GC invocations=1894 (full 1468):
 PSYoungGen      total 1292288K, used 1196722K [0x000000076b100000, 0x00000007bfe00000, 0x00000007c0000000)
  eden space 1197056K, 99% used [0x000000076b100000,0x00000007b41acbd8,0x00000007b4200000)
  from space 95232K, 0% used [0x00000007b9e80000,0x00000007b9e80000,0x00000007bfb80000)
  to   space 94720K, 0% used [0x00000007b4200000,0x00000007b4200000,0x00000007b9e80000)
 ParOldGen       total 2784256K, used 2783875K [0x00000006c1200000, 0x000000076b100000, 0x000000076b100000)
  object space 2784256K, 99% used [0x00000006c1200000,0x000000076b0a0df8,0x000000076b100000)
 Metaspace       used 71862K, capacity 74563K, committed 75008K, reserved 1114112K
  class space    used 8815K, capacity 9509K, committed 9728K, reserved 1048576K
}
Event: 9652.459 GC heap before
{Heap before GC invocations=1895 (full 1469):
 PSYoungGen      total 1292288K, used 1197056K [0x000000076b100000, 0x00000007bfe00000, 0x00000007c0000000)
  eden space 1197056K, 100% used [0x000000076b100000,0x00000007b4200000,0x00000007b4200000)
  from space 95232K, 0% used [0x00000007b9e80000,0x00000007b9e80000,0x00000007bfb80000)
  to   space 94720K, 0% used [0x00000007b4200000,0x00000007b4200000,0x00000007b9e80000)
 ParOldGen       total 2784256K, used 2783875K [0x00000006c1200000, 0x000000076b100000, 0x000000076b100000)
  object space 2784256K, 99% used [0x00000006c1200000,0x000000076b0a0df8,0x000000076b100000)
 Metaspace       used 71862K, capacity 74563K, committed 75008K, reserved 1114112K
  class space    used 8815K, capacity 9509K, committed 9728K, reserved 1048576K
Event: 9657.397 GC heap after
Heap after GC invocations=1895 (full 1469):
 PSYoungGen      total 1292288K, used 1196719K [0x000000076b100000, 0x00000007bfe00000, 0x00000007c0000000)
  eden space 1197056K, 99% used [0x000000076b100000,0x00000007b41abfd8,0x00000007b4200000)
  from space 95232K, 0% used [0x00000007b9e80000,0x00000007b9e80000,0x00000007bfb80000)
  to   space 94720K, 0% used [0x00000007b4200000,0x00000007b4200000,0x00000007b9e80000)
 ParOldGen       total 2784256K, used 2783874K [0x00000006c1200000, 0x000000076b100000, 0x000000076b100000)
  object space 2784256K, 99% used [0x00000006c1200000,0x000000076b0a0bf0,0x000000076b100000)
 Metaspace       used 71862K, capacity 74563K, committed 75008K, reserved 1114112K
  class space    used 8815K, capacity 9509K, committed 9728K, reserved 1048576K
}

Deoptimization events (10 events):
Event: 8022.883 Thread 0x000002aef17e9000 Uncommon trap: reason=unstable_if action=reinterpret pc=0x000002ae80d56960 method=net.minecraft.client.Minecraft.getNetHandler()Lnet/minecraft/client/network/NetHandlerPlayClient; @ 4
Event: 8079.913 Thread 0x000002ae91e88800 Uncommon trap: reason=unstable_if action=reinterpret pc=0x000002ae8145d8c8 method=org.cef.handler.CefClientHandler.getNativeRef(Ljava/lang/String;)J @ 15
Event: 8223.989 Thread 0x000002ae91e88800 Uncommon trap: reason=unstable_if action=reinterpret pc=0x000002ae8271d85c method=java.util.PriorityQueue.indexOf(Ljava/lang/Object;)I @ 11
Event: 8310.515 Thread 0x000002ae9ef11000 Uncommon trap: reason=unstable_if action=reinterpret pc=0x000002ae81a28f40 method=java.util.logging.Logger.isLoggable(Ljava/util/logging/Level;)Z @ 8
Event: 8310.516 Thread 0x000002ae9ef11000 Uncommon trap: reason=unstable_if action=reinterpret pc=0x000002ae81b02a80 method=java.util.Formatter$FormatSpecifier.index(Ljava/lang/String;)I @ 1
Event: 8310.516 Thread 0x000002ae9ef11000 Uncommon trap: reason=unstable_if action=reinterpret pc=0x000002ae80869d68 method=java.util.Formatter$FormatSpecifier.conversion(Ljava/lang/String;)C @ 13
Event: 8310.516 Thread 0x000002ae9ef11000 Uncommon trap: reason=unstable_if action=reinterpret pc=0x000002ae801be018 method=java.util.Formatter$FormatSpecifier.index(Ljava/lang/String;)I @ 1
Event: 8310.516 Thread 0x000002ae9ef11000 Uncommon trap: reason=unstable_if action=reinterpret pc=0x000002ae81887f34 method=java.util.Formatter$FormatSpecifier.print(Ljava/lang/Object;Ljava/util/Locale;)V @ 4
Event: 8310.517 Thread 0x000002ae9ef11000 Uncommon trap: reason=unstable_if action=reinterpret pc=0x000002ae818d6dcc method=java.util.Formatter$FormatSpecifier.localizedMagnitude(Ljava/lang/StringBuilder;[CLjava/util/Formatter$Flags;ILjava/util/Locale;)Ljava/lang/StringBuilder; @ 1
Event: 8581.778 Thread 0x000002ae91e88800 Uncommon trap: reason=unstable_if action=reinterpret pc=0x000002ae814b7b88 method=org.cef.CefClient.onGotFocus(Lorg/cef/browser/CefBrowser;)V @ 1

Classes redefined (1 events):
Event: 467.103 Thread 0x000002aefd45a800 redefined class name=slice.module.modules.player.KeyPress, count=1

Internal exceptions (10 events):
Event: 9308.015 Thread 0x000002aef17e9000 Exception <a 'java/lang/OutOfMemoryError'> (0x00000006c1220980) thrown at [C:\jenkins\workspace\zulu8-build-win64\zulu-src.git\hotspot\src\share\vm\gc_interface/collectedHeap.inline.hpp, line 179]
Event: 9345.828 Thread 0x000002aef17e9000 Exception <a 'java/lang/OutOfMemoryError'> (0x00000006c1220980) thrown at [C:\jenkins\workspace\zulu8-build-win64\zulu-src.git\hotspot\src\share\vm\gc_interface/collectedHeap.inline.hpp, line 179]
Event: 9381.569 Thread 0x000002aef17e9000 Exception <a 'java/lang/OutOfMemoryError'> (0x00000006c1220980) thrown at [C:\jenkins\workspace\zulu8-build-win64\zulu-src.git\hotspot\src\share\vm\gc_interface/collectedHeap.inline.hpp, line 179]
Event: 9421.385 Thread 0x000002aef17e9000 Exception <a 'java/lang/OutOfMemoryError'> (0x00000006c1220980) thrown at [C:\jenkins\workspace\zulu8-build-win64\zulu-src.git\hotspot\src\share\vm\gc_interface/collectedHeap.inline.hpp, line 179]
Event: 9459.383 Thread 0x000002aef17e9000 Exception <a 'java/lang/OutOfMemoryError'> (0x00000006c1220980) thrown at [C:\jenkins\workspace\zulu8-build-win64\zulu-src.git\hotspot\src\share\vm\gc_interface/collectedHeap.inline.hpp, line 179]
Event: 9499.474 Thread 0x000002aef17e9000 Exception <a 'java/lang/OutOfMemoryError'> (0x00000006c1220980) thrown at [C:\jenkins\workspace\zulu8-build-win64\zulu-src.git\hotspot\src\share\vm\gc_interface/collectedHeap.inline.hpp, line 179]
Event: 9539.432 Thread 0x000002aef17e9000 Exception <a 'java/lang/OutOfMemoryError'> (0x00000006c1220980) thrown at [C:\jenkins\workspace\zulu8-build-win64\zulu-src.git\hotspot\src\share\vm\gc_interface/collectedHeap.inline.hpp, line 179]
Event: 9579.583 Thread 0x000002aef17e9000 Exception <a 'java/lang/OutOfMemoryError'> (0x00000006c1220980) thrown at [C:\jenkins\workspace\zulu8-build-win64\zulu-src.git\hotspot\src\share\vm\gc_interface/collectedHeap.inline.hpp, line 179]
Event: 9617.478 Thread 0x000002aef17e9000 Exception <a 'java/lang/OutOfMemoryError'> (0x00000006c1220980) thrown at [C:\jenkins\workspace\zulu8-build-win64\zulu-src.git\hotspot\src\share\vm\gc_interface/collectedHeap.inline.hpp, line 179]
Event: 9657.397 Thread 0x000002ae91e88800 Exception <a 'java/lang/OutOfMemoryError'> (0x00000006c1220980) thrown at [C:\jenkins\workspace\zulu8-build-win64\zulu-src.git\hotspot\src\share\vm\gc_interface/collectedHeap.inline.hpp, line 179]

Events (10 events):
Event: 9647.551 Executing VM operation: ParallelGCFailedAllocation done
Event: 9647.551 Thread 0x000002aeeb6ab000 Thread added: 0x000002aeeb6ab000
Event: 9647.552 Thread 0x000002aeeb6ab000 Thread exited: 0x000002aeeb6ab000
Event: 9647.552 Executing VM operation: ParallelGCFailedAllocation
Event: 9652.430 Executing VM operation: ParallelGCFailedAllocation done
Event: 9652.459 Executing VM operation: ParallelGCFailedAllocation
Event: 9657.397 Executing VM operation: ParallelGCFailedAllocation done
Event: 9657.398 Thread 0x000002ae938cd800 Thread added: 0x000002ae938cd800
Event: 9657.399 Thread 0x000002ae938cd800 Thread exited: 0x000002ae938cd800
Event: 9657.399 Executing VM operation: ParallelGCFailedAllocation


Dynamic libraries:
0x00007ff6dc600000 - 0x00007ff6dc651000 	C:\Users\djlev\.jdks\azul-1.8.0_332\bin\java.exe
0x00007ffbe2770000 - 0x00007ffbe2968000 	C:\WINDOWS\SYSTEM32\ntdll.dll
0x00007ffbe1ed0000 - 0x00007ffbe1f8d000 	C:\WINDOWS\System32\KERNEL32.DLL
0x00007ffbe0180000 - 0x00007ffbe044e000 	C:\WINDOWS\System32\KERNELBASE.dll
0x00007ffbe1d70000 - 0x00007ffbe1e1e000 	C:\WINDOWS\System32\ADVAPI32.dll
0x00007ffbe1b50000 - 0x00007ffbe1bee000 	C:\WINDOWS\System32\msvcrt.dll
0x00007ffbe0c00000 - 0x00007ffbe0c9c000 	C:\WINDOWS\System32\sechost.dll
0x00007ffbe07d0000 - 0x00007ffbe08f5000 	C:\WINDOWS\System32\RPCRT4.dll
0x00007ffbe2590000 - 0x00007ffbe2730000 	C:\WINDOWS\System32\USER32.dll
0x00007ffbdffa0000 - 0x00007ffbdffc2000 	C:\WINDOWS\System32\win32u.dll
0x00007ffbe1d40000 - 0x00007ffbe1d6a000 	C:\WINDOWS\System32\GDI32.dll
0x00007ffbe0480000 - 0x00007ffbe058b000 	C:\WINDOWS\System32\gdi32full.dll
0x00007ffbdfe90000 - 0x00007ffbdff2d000 	C:\WINDOWS\System32\msvcp_win.dll
0x00007ffbe06d0000 - 0x00007ffbe07d0000 	C:\WINDOWS\System32\ucrtbase.dll
0x00007ffbd4930000 - 0x00007ffbd4bca000 	C:\WINDOWS\WinSxS\amd64_microsoft.windows.common-controls_6595b64144ccf1df_6.0.19041.1110_none_60b5254171f9507e\COMCTL32.dll
0x00007ffbe1c80000 - 0x00007ffbe1cb0000 	C:\WINDOWS\System32\IMM32.DLL
0x00007ffbd3090000 - 0x00007ffbd30a5000 	C:\Users\djlev\.jdks\azul-1.8.0_332\jre\bin\vcruntime140.dll
0x00007ffbb8ab0000 - 0x00007ffbb8b4b000 	C:\Users\djlev\.jdks\azul-1.8.0_332\jre\bin\msvcp140.dll
0x0000000066f70000 - 0x00000000677e1000 	C:\Users\djlev\.jdks\azul-1.8.0_332\jre\bin\server\jvm.dll
0x00007ffbe1b40000 - 0x00007ffbe1b48000 	C:\WINDOWS\System32\PSAPI.DLL
0x00007ffbda470000 - 0x00007ffbda47a000 	C:\WINDOWS\SYSTEM32\VERSION.dll
0x00007ffbd6630000 - 0x00007ffbd6657000 	C:\WINDOWS\SYSTEM32\WINMM.dll
0x00007ffbd3030000 - 0x00007ffbd3039000 	C:\WINDOWS\SYSTEM32\WSOCK32.dll
0x00007ffbe19a0000 - 0x00007ffbe1a0b000 	C:\WINDOWS\System32\WS2_32.dll
0x00007ffbddd70000 - 0x00007ffbddd82000 	C:\WINDOWS\SYSTEM32\kernel.appcore.dll
0x00007ffbd3080000 - 0x00007ffbd3090000 	C:\Users\djlev\.jdks\azul-1.8.0_332\jre\bin\verify.dll
0x00007ffbd3050000 - 0x00007ffbd307b000 	C:\Users\djlev\.jdks\azul-1.8.0_332\jre\bin\java.dll
0x00007ffbbfda0000 - 0x00007ffbbfdd6000 	C:\Users\djlev\.jdks\azul-1.8.0_332\jre\bin\jdwp.dll
0x00007ffbcd460000 - 0x00007ffbcd469000 	C:\Users\djlev\.jdks\azul-1.8.0_332\jre\bin\npt.dll
0x00007ffbbfd60000 - 0x00007ffbbfd98000 	C:\Users\djlev\.jdks\azul-1.8.0_332\jre\bin\instrument.dll
0x00007ffbd2ef0000 - 0x00007ffbd2f08000 	C:\Users\djlev\.jdks\azul-1.8.0_332\jre\bin\zip.dll
0x00007ffbe1060000 - 0x00007ffbe17a4000 	C:\WINDOWS\System32\SHELL32.dll
0x00007ffbddf70000 - 0x00007ffbde704000 	C:\WINDOWS\SYSTEM32\windows.storage.dll
0x00007ffbe0d00000 - 0x00007ffbe1054000 	C:\WINDOWS\System32\combase.dll
0x00007ffbdf810000 - 0x00007ffbdf840000 	C:\WINDOWS\SYSTEM32\Wldp.dll
0x00007ffbe1e20000 - 0x00007ffbe1ecd000 	C:\WINDOWS\System32\SHCORE.dll
0x00007ffbe1cd0000 - 0x00007ffbe1d25000 	C:\WINDOWS\System32\shlwapi.dll
0x00007ffbdfdd0000 - 0x00007ffbdfdef000 	C:\WINDOWS\SYSTEM32\profapi.dll
0x00007ffbcd450000 - 0x00007ffbcd45a000 	C:\Users\djlev\.jdks\azul-1.8.0_332\jre\bin\dt_socket.dll
0x00007ffbdf5f0000 - 0x00007ffbdf65a000 	C:\WINDOWS\system32\mswsock.dll
0x00007ffbc9640000 - 0x00007ffbc964d000 	C:\Users\djlev\.jdks\azul-1.8.0_332\jre\bin\management.dll
0x00007ffbc9610000 - 0x00007ffbc962c000 	C:\Users\djlev\.jdks\azul-1.8.0_332\jre\bin\net.dll
0x00007ffbc2450000 - 0x00007ffbc2463000 	C:\Users\djlev\.jdks\azul-1.8.0_332\jre\bin\nio.dll
0x00007ffbc06e0000 - 0x00007ffbc06f7000 	C:\WINDOWS\system32\napinsp.dll
0x00007ffbbf810000 - 0x00007ffbbf82b000 	C:\WINDOWS\system32\pnrpnsp.dll
0x00007ffbbd3b0000 - 0x00007ffbbd3c5000 	C:\WINDOWS\system32\wshbth.dll
0x00007ffbdcb00000 - 0x00007ffbdcb1d000 	C:\WINDOWS\system32\NLAapi.dll
0x00007ffbdf2b0000 - 0x00007ffbdf2eb000 	C:\WINDOWS\SYSTEM32\IPHLPAPI.DLL
0x00007ffbdf300000 - 0x00007ffbdf3ca000 	C:\WINDOWS\SYSTEM32\DNSAPI.dll
0x00007ffbe0b90000 - 0x00007ffbe0b98000 	C:\WINDOWS\System32\NSI.dll
0x00007ffbbf740000 - 0x00007ffbbf752000 	C:\WINDOWS\System32\winrnr.dll
0x00007ffbd89f0000 - 0x00007ffbd8a70000 	C:\WINDOWS\System32\fwpuclnt.dll
0x00007ffbe0450000 - 0x00007ffbe0477000 	C:\WINDOWS\System32\bcrypt.dll
0x00007ffbd8100000 - 0x00007ffbd810a000 	C:\Windows\System32\rasadhlp.dll
0x0000000180000000 - 0x0000000180053000 	C:\Users\djlev\Minecraft 1_8_9 lib\natives\lwjgl64.dll
0x00007ffb73b40000 - 0x00007ffb73c67000 	C:\WINDOWS\SYSTEM32\OPENGL32.dll
0x00007ffb722e0000 - 0x00007ffb7230c000 	C:\WINDOWS\SYSTEM32\GLU32.dll
0x00007ffbdfb60000 - 0x00007ffbdfb78000 	C:\WINDOWS\SYSTEM32\CRYPTSP.dll
0x00007ffbdef20000 - 0x00007ffbdef54000 	C:\WINDOWS\system32\rsaenh.dll
0x00007ffbdfd90000 - 0x00007ffbdfdbe000 	C:\WINDOWS\SYSTEM32\USERENV.dll
0x00007ffbe0590000 - 0x00007ffbe0612000 	C:\WINDOWS\System32\bcryptprimitives.dll
0x00007ffbdf780000 - 0x00007ffbdf78c000 	C:\WINDOWS\SYSTEM32\CRYPTBASE.dll
0x00007ffbda650000 - 0x00007ffbda667000 	C:\WINDOWS\SYSTEM32\dhcpcsvc6.DLL
0x00007ffbda630000 - 0x00007ffbda64d000 	C:\WINDOWS\SYSTEM32\dhcpcsvc.DLL
0x00007ffb9b920000 - 0x00007ffb9bab4000 	C:\Users\djlev\.jdks\azul-1.8.0_332\jre\bin\awt.dll
0x00007ffbe17b0000 - 0x00007ffbe187d000 	C:\WINDOWS\System32\OLEAUT32.dll
0x00007ffbdd5d0000 - 0x00007ffbdd660000 	C:\WINDOWS\SYSTEM32\apphelp.dll
0x00007ffbd9fb0000 - 0x00007ffbda05e000 	C:\WINDOWS\SYSTEM32\mscms.dll
0x00007ffbd9f90000 - 0x00007ffbd9fa1000 	C:\WINDOWS\SYSTEM32\ColorAdapterClient.dll
0x00007ffbdd890000 - 0x00007ffbdd92e000 	C:\WINDOWS\system32\uxtheme.dll
0x00007ffbe1880000 - 0x00007ffbe1995000 	C:\WINDOWS\System32\MSCTF.dll
0x00007ffbcf960000 - 0x00007ffbcfa59000 	C:\WINDOWS\SYSTEM32\textinputframework.dll
0x00007ffbdd3a0000 - 0x00007ffbdd492000 	C:\WINDOWS\System32\CoreMessaging.dll
0x00007ffbdcea0000 - 0x00007ffbdd1fe000 	C:\WINDOWS\System32\CoreUIComponents.dll
0x00007ffbdeb50000 - 0x00007ffbdeb83000 	C:\WINDOWS\SYSTEM32\ntmarta.dll
0x00007ffbdc630000 - 0x00007ffbdc784000 	C:\WINDOWS\SYSTEM32\wintypes.dll
0x00007ffbe1a10000 - 0x00007ffbe1b3a000 	C:\WINDOWS\System32\ole32.dll
0x00007ffbe2400000 - 0x00007ffbe24a9000 	C:\WINDOWS\System32\clbcatq.dll
0x00007ffb58700000 - 0x00007ffb5b728000 	C:\WINDOWS\System32\DriverStore\FileRepository\nv_dispig.inf_amd64_285c47b39443c332\nvoglv64.dll
0x00007ffbe1f90000 - 0x00007ffbe23ff000 	C:\WINDOWS\System32\SETUPAPI.dll
0x00007ffbdffd0000 - 0x00007ffbe001e000 	C:\WINDOWS\System32\cfgmgr32.dll
0x00007ffbdb7c0000 - 0x00007ffbdb7d4000 	C:\WINDOWS\SYSTEM32\WTSAPI32.dll
0x00007ffbdfbe0000 - 0x00007ffbdfbf2000 	C:\WINDOWS\SYSTEM32\msasn1.dll
0x00007ffbd9f50000 - 0x00007ffbd9f81000 	C:\WINDOWS\SYSTEM32\cryptnet.dll
0x00007ffbe0020000 - 0x00007ffbe0176000 	C:\WINDOWS\System32\CRYPT32.dll
0x00007ffbd9d50000 - 0x00007ffbd9e98000 	C:\WINDOWS\SYSTEM32\drvstore.dll
0x00007ffbdfc40000 - 0x00007ffbdfc6c000 	C:\WINDOWS\SYSTEM32\devobj.dll
0x00007ffbdff30000 - 0x00007ffbdff98000 	C:\WINDOWS\System32\WINTRUST.dll
0x00007ffbd7580000 - 0x00007ffbd75bb000 	C:\WINDOWS\SYSTEM32\dxcore.dll
0x00007ffb6f5b0000 - 0x00007ffb6f877000 	C:\WINDOWS\system32\nvspcap64.dll
0x00007ffbdda80000 - 0x00007ffbddaaf000 	C:\WINDOWS\SYSTEM32\dwmapi.dll
0x00007ffbb8120000 - 0x00007ffbb8163000 	C:\WINDOWS\SYSTEM32\icm32.dll
0x00007ffbdf420000 - 0x00007ffbdf46b000 	C:\WINDOWS\SYSTEM32\powrprof.dll
0x00007ffbdf290000 - 0x00007ffbdf2a2000 	C:\WINDOWS\SYSTEM32\UMPDC.dll
0x00007ffbdebc0000 - 0x00007ffbdec1a000 	C:\WINDOWS\SYSTEM32\WINSTA.dll
0x00007ffbc95d0000 - 0x00007ffbc95d7000 	C:\Users\djlev\.jdks\azul-1.8.0_332\jre\bin\jawt.dll
0x00007ffbb8970000 - 0x00007ffbb8aa7000 	C:\Users\djlev\minecraft-dir\Slice\cef\chrome_elf.dll
0x00007ffb4e440000 - 0x00007ffb586f1000 	C:\Users\djlev\minecraft-dir\Slice\cef\libcef.dll
0x00007ffbe0ab0000 - 0x00007ffbe0b8a000 	C:\WINDOWS\System32\COMDLG32.dll
0x00007ffbd91f0000 - 0x00007ffbd93d4000 	C:\WINDOWS\SYSTEM32\dbghelp.dll
0x00007ffbde750000 - 0x00007ffbde843000 	C:\WINDOWS\SYSTEM32\dxgi.dll
0x00007ffbdb390000 - 0x00007ffbdb486000 	C:\WINDOWS\SYSTEM32\PROPSYS.dll
0x00007ffbd4820000 - 0x00007ffbd4886000 	C:\WINDOWS\SYSTEM32\OLEACC.dll
0x00007ffba4880000 - 0x00007ffba4b75000 	C:\WINDOWS\SYSTEM32\UIAutomationCore.DLL
0x00007ffbc81b0000 - 0x00007ffbc81ca000 	C:\WINDOWS\SYSTEM32\NETAPI32.dll
0x00007ffbc3f20000 - 0x00007ffbc3f2c000 	C:\WINDOWS\SYSTEM32\Secur32.dll
0x00007ffbce370000 - 0x00007ffbce5ef000 	C:\WINDOWS\SYSTEM32\DWrite.dll
0x00007ffbde710000 - 0x00007ffbde71d000 	C:\WINDOWS\SYSTEM32\HID.DLL
0x00007ffbdf880000 - 0x00007ffbdf8a7000 	C:\WINDOWS\SYSTEM32\ncrypt.dll
0x00007ffbbc050000 - 0x00007ffbbc069000 	C:\WINDOWS\SYSTEM32\USP10.dll
0x00007ffbbc090000 - 0x00007ffbbc0b4000 	C:\WINDOWS\SYSTEM32\dxva2.dll
0x00007ffbd37d0000 - 0x00007ffbd399f000 	C:\WINDOWS\SYSTEM32\d3d9.dll
0x00007ffbd4890000 - 0x00007ffbd4928000 	C:\WINDOWS\SYSTEM32\WINSPOOL.DRV
0x00007ffbc6bf0000 - 0x00007ffbc6c4e000 	C:\WINDOWS\SYSTEM32\CRYPTUI.dll
0x00007ffbd41a0000 - 0x00007ffbd438c000 	C:\WINDOWS\SYSTEM32\urlmon.dll
0x00007ffbd94a0000 - 0x00007ffbd95aa000 	C:\WINDOWS\SYSTEM32\WINHTTP.dll
0x00007ffbbc070000 - 0x00007ffbbc08a000 	C:\WINDOWS\SYSTEM32\credui.dll
0x00007ffbc1870000 - 0x00007ffbc1d46000 	C:\WINDOWS\SYSTEM32\WININET.dll
0x00007ffbdb190000 - 0x00007ffbdb1f5000 	C:\WINDOWS\SYSTEM32\wevtapi.dll
0x00007ffbcac30000 - 0x00007ffbcaf5b000 	C:\WINDOWS\SYSTEM32\ESENT.dll
0x00007ffbd3ee0000 - 0x00007ffbd4191000 	C:\WINDOWS\SYSTEM32\iertutil.dll
0x00007ffbdf2f0000 - 0x00007ffbdf2fc000 	C:\WINDOWS\SYSTEM32\netutils.dll
0x00007ffbd4770000 - 0x00007ffbd4798000 	C:\WINDOWS\SYSTEM32\srvcli.dll
0x00007ffbdfd50000 - 0x00007ffbdfd82000 	C:\WINDOWS\SYSTEM32\SSPICLI.DLL
0x00007ffbdc620000 - 0x00007ffbdc62a000 	C:\WINDOWS\SYSTEM32\DSROLE.DLL
0x00007ffbdf040000 - 0x00007ffbdf059000 	C:\WINDOWS\SYSTEM32\WKSCLI.DLL
0x00007ffbd3540000 - 0x00007ffbd3559000 	C:\WINDOWS\SYSTEM32\SAMCLI.DLL
0x00007ffbdf840000 - 0x00007ffbdf87b000 	C:\WINDOWS\SYSTEM32\NTASN1.dll

VM Arguments:
jvm_args: -agentlib:jdwp=transport=dt_socket,address=127.0.0.1:49526,suspend=y,server=n -Djava.library.path=C:\Users\djlev\Minecraft 1_8_9 lib\natives -javaagent:C:\Users\djlev\AppData\Local\JetBrains\IdeaIC2021.1\captureAgent\debugger-agent.jar=file:/C:/Users/djlev/AppData/Local/Temp/capture.props -Dfile.encoding=UTF-8 
java_command: Start --gameDir C:\Users\djlev\minecraft-dir --assetsDir C:\Users\djlev\AppData\Roaming\.minecraft\assets
java_class_path (initial): C:\Users\djlev\.jdks\azul-1.8.0_332\jre\lib\cat.jar;C:\Users\djlev\.jdks\azul-1.8.0_332\jre\lib\charsets.jar;C:\Users\djlev\.jdks\azul-1.8.0_332\jre\lib\ext\access-bridge-64.jar;C:\Users\djlev\.jdks\azul-1.8.0_332\jre\lib\ext\cldrdata.jar;C:\Users\djlev\.jdks\azul-1.8.0_332\jre\lib\ext\crs-agent.jar;C:\Users\djlev\.jdks\azul-1.8.0_332\jre\lib\ext\dnsns.jar;C:\Users\djlev\.jdks\azul-1.8.0_332\jre\lib\ext\jaccess.jar;C:\Users\djlev\.jdks\azul-1.8.0_332\jre\lib\ext\legacy8ujsse.jar;C:\Users\djlev\.jdks\azul-1.8.0_332\jre\lib\ext\localedata.jar;C:\Users\djlev\.jdks\azul-1.8.0_332\jre\lib\ext\nashorn.jar;C:\Users\djlev\.jdks\azul-1.8.0_332\jre\lib\ext\openjsse.jar;C:\Users\djlev\.jdks\azul-1.8.0_332\jre\lib\ext\sunec.jar;C:\Users\djlev\.jdks\azul-1.8.0_332\jre\lib\ext\sunjce_provider.jar;C:\Users\djlev\.jdks\azul-1.8.0_332\jre\lib\ext\sunmscapi.jar;C:\Users\djlev\.jdks\azul-1.8.0_332\jre\lib\ext\sunpkcs11.jar;C:\Users\djlev\.jdks\azul-1.8.0_332\jre\lib\ext\zipfs.jar;C:\Users\djlev\.jdks\azul-1.8.0_332\jre\lib\jce.jar;C:\Users\djlev\.jdks\azul-1.8.0_332\jre\lib\jfr.jar;C:\Users\djlev\.jdks\azul-1.8.0_332\jre\lib\jsse.jar;C:\Users\djlev\.jdks\azul-1.8.0_332\jre\lib\management-agent.jar;C:\Users\djlev\.jdks\azul-1.8.0_332\jre\lib\resources.jar;C:\Users\djlev\.jdks\azul-1.8.0_332\jre\lib\rt.jar;C:\Users\djlev\IdeaProjects\Slice\out\production\Slice;C:\Users\djlev\Minecraft 1_8_9 lib\1.8.jar;C:\Users\djlev\Minecraft 1_8_9 lib\lombok.jar;C:\Users\djlev\Minecraft 1_8_9 lib\jna-3.4.0.jar;C:\Users\djlev\Minecraft 1_8_9 lib\netty-1.6.jar;C:\Users\djlev\Minecraft 1_8_9 lib\gson-2.2.4.jar;C:\Users\djlev\Minecraft 1_8_9 lib\guava-17.0.jar;C:\Users\djlev\Minecraft 1_8_9 lib\javax.mail.jar;C:\Users\djlev\Minecraft 1_8_9 lib\twitch-6.5.jar;C:\Users\djlev\Minecraft 1_8_9 lib\discord-rpc.jar;C:\Users\djlev\Minecraft 1_8_9 lib\kotlin-test.jar;C:\Users\djlev\Minecraft 1_8_9 lib\jinput-2.0.5.jar;C:\Users\djlev\Minecraft 1_8_9 lib\jutils-1.0.0.jar;C:\Users\djlev\M
Launcher Type: SUN_STANDARD

Environment Variables:
JAVA_HOME=C:\Program Files\Java\jdk1.8.0_321\
PATH=C:\Program Files\Oculus\Support\oculus-runtime;C:\Program Files (x86)\VMware\VMware Workstation\bin\;C:\Program Files\Common Files\Oracle\Java\javapath;C:\Program Files (x86)\Common Files\Oracle\Java\javapath;C:\WINDOWS\system32;C:\WINDOWS;C:\WINDOWS\System32\Wbem;C:\WINDOWS\System32\WindowsPowerShell\v1.0\;C:\WINDOWS\System32\OpenSSH\;C:\Program Files (x86)\dotnet\;C:\Program Files\Git\cmd;C:\Program Files\dotnet\;C:\Program Files\nodejs\;C:\Program Files\PuTTY\;C:\Program Files\NVIDIA Corporation\NVIDIA NvDLISR;C:\Program Files (x86)\NVIDIA Corporation\PhysX\Common;C:\Program Files (x86)\cloudflared\.;C:\Users\djlev\AppData\Local\Programs\Python\Python39\Scripts\;C:\Users\djlev\AppData\Local\Programs\Python\Python39\;C:\Users\djlev\AppData\Local\Microsoft\WindowsApps;C:\Users\djlev\AppData\Local\Programs\Microsoft VS Code\bin;C:\Users\djlev\AppData\Local\GitHubDesktop\bin;C:\Users\djlev\.dotnet\tools;C:\Users\djlev\AppData\Roaming\npm;C:\Users\djlev\.deno\bin;C:\Program Files\Java\jdk1.8.0_321\bin;;C:\Users\djlev\AppData\Local\Programs\oh-my-posh\bin
USERNAME=djlev
OS=Windows_NT
PROCESSOR_IDENTIFIER=AMD64 Family 23 Model 8 Stepping 2, AuthenticAMD



---------------  S Y S T E M  ---------------

OS: Windows 10.0 , 64 bit Build 19041 (10.0.19041.1889)
HyperV virtualization detected

CPU:total 12 (initial active 12) (12 cores per cpu, 1 threads per core) family 23 model 8 stepping 2, cmov, cx8, fxsr, mmx, sse, sse2, sse3, ssse3, sse4.1, sse4.2, popcnt, avx, avx2, aes, clmul, mmxext, 3dnowpref, lzcnt, sse4a, tsc, tscinvbit, tscinv, bmi1

Memory: 4k page, physical 16702040k(3410964k free), swap 41867864k(15563944k free)

vm_info: OpenJDK 64-Bit Server VM (25.332-b09) for windows-amd64 JRE (Zulu 8.62.0.19-CA-win64) (1.8.0_332-b09), built on Apr 18 2022 15:32:49 by "tester" with MS VC++ 15.9 (VS2017)

time: Fri Aug 19 01:13:51 2022
timezone: Eastern Daylight Time
elapsed time: 9657.484250 seconds (0d 2h 40m 57s)

