[15:08:52] [Client thread/INFO]: Setting user: Player365
[15:08:52] [Client thread/INFO]: (Session ID is token:0:Player365)
[15:08:53] [Client thread/INFO]: [OptiFine] *** Reflector Forge ***
[15:08:53] [Client thread/INFO]: [OptiFine] *** Reflector Vanilla ***
[15:08:53] [Client thread/INFO]: [OptiFine] (Reflector) Class not present: net.minecraftforge.fml.common.eventhandler.Event$Result
[15:08:53] [Client thread/INFO]: [OptiFine] (Reflector) Class not present: net.minecraft.launchwrapper.Launch
[15:08:53] [Client thread/INFO]: LWJGL Version: 2.9.4
[15:08:53] [Client thread/INFO]: [OptiFine] 
[15:08:53] [Client thread/INFO]: [OptiFine] OptiFine_1.8.9_HD_U_M5
[15:08:53] [Client thread/INFO]: [OptiFine] Build: null
[15:08:53] [Client thread/INFO]: [OptiFine] OS: Windows 11 (amd64) version 10.0
[15:08:53] [Client thread/INFO]: [OptiFine] Java: 1.8.0_321, Oracle Corporation
[15:08:53] [Client thread/INFO]: [OptiFine] VM: Java HotSpot(TM) 64-Bit Server VM (mixed mode), Oracle Corporation
[15:08:53] [Client thread/INFO]: [OptiFine] LWJGL: 2.9.4
[15:08:53] [Client thread/INFO]: [OptiFine] OpenGL: GeForce RTX 3050 Ti Laptop GPU/PCIe/SSE2, version 4.6.0 NVIDIA 462.62, NVIDIA Corporation
[15:08:53] [Client thread/INFO]: [OptiFine] OpenGL Version: 4.6.0
[15:08:53] [Client thread/INFO]: [OptiFine] Maximum texture size: 32768x32768
[15:08:53] [VersionCheck/INFO]: [OptiFine] Checking for new version
[15:08:53] [Client thread/INFO]: [Shaders] OpenGL Version: 4.6.0 NVIDIA 462.62
[15:08:53] [Client thread/INFO]: [Shaders] Vendor:  NVIDIA Corporation
[15:08:53] [Client thread/INFO]: [Shaders] Renderer: GeForce RTX 3050 Ti Laptop GPU/PCIe/SSE2
[15:08:53] [Client thread/INFO]: [Shaders] Capabilities:  2.0  2.1  3.0  3.2  4.0 
[15:08:53] [Client thread/INFO]: [Shaders] GL_MAX_DRAW_BUFFERS: 8
[15:08:53] [Client thread/INFO]: [Shaders] GL_MAX_COLOR_ATTACHMENTS_EXT: 8
[15:08:53] [Client thread/INFO]: [Shaders] GL_MAX_TEXTURE_IMAGE_UNITS: 32
[15:08:53] [Client thread/INFO]: [Shaders] Load shaders configuration.
[15:08:53] [Client thread/INFO]: [Shaders] Save shaders configuration.
[15:08:53] [Client thread/INFO]: [Shaders] Shaders can not be loaded, Fast Render is enabled.
[15:08:53] [Client thread/INFO]: [Shaders] No shaderpack loaded.
[15:08:53] [Client thread/INFO]: [OptiFine] (Reflector) Class not present: net.minecraftforge.fml.common.Loader
[15:08:54] [Client thread/INFO]: [OptiFine] (Reflector) Class not present: net.minecraftforge.fml.client.SplashProgress
[15:08:54] [Client thread/INFO]: Reloading ResourceManager: Default, bApxXDnt_V3.zip
[15:08:54] [Client thread/INFO]: [OptiFine] (Reflector) Class not present: optifine.OptiFineClassTransformer
[15:08:54] [Client thread/INFO]: [OptiFine] *** Reloading textures ***
[15:08:54] [Client thread/INFO]: [OptiFine] Resource packs: bApxXDnt_V3.zip
[15:08:54] [Client thread/INFO]: [OptiFine] (Reflector) Class not present: net.minecraftforge.client.model.Attributes
[15:08:54] [Client thread/INFO]: [OptiFine] (Reflector) Method not present: net.minecraft.client.renderer.vertex.VertexFormatElement$EnumUsage.preDraw
[15:08:54] [Client thread/INFO]: [OptiFine] (Reflector) Method not present: net.minecraft.client.renderer.vertex.VertexFormatElement$EnumUsage.postDraw
[15:08:54] [Sound Library Loader/INFO]: Starting up SoundSystem...
[15:08:54] [VersionCheck/INFO]: [OptiFine] Version found: M5
[15:08:54] [Thread-6/INFO]: Initializing LWJGL OpenAL
[15:08:54] [Thread-6/INFO]: (The LWJGL binding of OpenAL.  For more information, see http://www.lwjgl.org)
[15:08:54] [Client thread/INFO]: [OptiFine] Loading textures/font/ascii.properties
[15:08:54] [Client thread/INFO]: [OptiFine] Loading textures/font/ascii_sga.properties
[15:08:54] [Thread-6/INFO]: OpenAL initialized.
[15:08:54] [Sound Library Loader/INFO]: Sound engine started
[15:08:55] [Client thread/INFO]: [OptiFine] (Reflector) Class not present: net.minecraftforge.client.ForgeHooksClient
[15:08:55] [Client thread/INFO]: [OptiFine] Mipmap levels: 4
[15:08:55] [Client thread/INFO]: [OptiFine] Multitexture: false
[15:08:55] [Client thread/INFO]: [OptiFine] Multipass connected textures: false
[15:08:55] [Client thread/INFO]: [OptiFine] Multipass connected textures: false
[15:08:55] [Client thread/INFO]: [OptiFine] BetterGrass: Parsing default configuration optifine/bettergrass.properties
[15:08:55] [Client thread/INFO]: Created: 1024x1024 textures-atlas
[15:08:55] [Client thread/INFO]: [OptiFine] Animated sprites: 17
[15:08:56] [Client thread/INFO]: [OptiFine] (Reflector) Class not present: net.minecraftforge.client.model.ModelLoader
[15:08:56] [Client thread/INFO]: [OptiFine] (Reflector) Class not present: net.minecraftforge.client.ItemModelMesherForge
[15:08:56] [Client thread/INFO]: [OptiFine] (Reflector) Class not present: net.minecraftforge.fml.client.registry.RenderingRegistry
[15:08:56] [Client thread/INFO]: [OptiFine] (Reflector) Class not present: net.minecraftforge.common.ForgeModContainer
[15:08:57] [Client thread/INFO]: [OptiFine] (Reflector) Class not present: mods.betterfoliage.client.BetterFoliageClient
[15:08:57] [Client thread/INFO]: [OptiFine] (Reflector) Class not present: net.minecraftforge.fml.common.asm.transformers.BlamingTransformer
[15:08:57] [Client thread/INFO]: [OptiFine] (Reflector) Class not present: net.minecraftforge.event.world.ChunkWatchEvent$UnWatch
[15:08:57] [Client thread/INFO]: [OptiFine] (Reflector) Class not present: net.minecraftforge.fml.relauncher.CoreModManager
[15:08:57] [Client thread/INFO]: [OptiFine] (Reflector) Class not present: net.minecraftforge.common.DimensionManager
[15:08:57] [Client thread/INFO]: [OptiFine] (Reflector) Class not present: net.minecraftforge.client.event.GuiScreenEvent$DrawScreenEvent$Pre
[15:08:57] [Client thread/INFO]: [OptiFine] (Reflector) Class not present: net.minecraftforge.client.event.GuiScreenEvent$DrawScreenEvent$Post
[15:08:57] [Client thread/INFO]: [OptiFine] (Reflector) Class not present: net.minecraftforge.client.event.EntityViewRenderEvent$CameraSetup
[15:08:57] [Client thread/INFO]: [OptiFine] (Reflector) Class not present: net.minecraftforge.client.event.EntityViewRenderEvent$FogColors
[15:08:57] [Client thread/INFO]: [OptiFine] (Reflector) Class not present: net.minecraftforge.fml.common.eventhandler.Event
[15:08:57] [Client thread/INFO]: [OptiFine] (Reflector) Class not present: net.minecraftforge.fml.common.eventhandler.EventBus
[15:08:57] [Client thread/INFO]: [OptiFine] (Reflector) Class not present: net.minecraftforge.common.property.ExtendedBlockState
[15:08:57] [Client thread/INFO]: [OptiFine] (Reflector) Class not present: net.minecraftforge.fml.client.FMLClientHandler
[15:08:57] [Client thread/INFO]: [OptiFine] (Reflector) Class not present: net.minecraftforge.fml.common.FMLCommonHandler
[15:08:57] [Client thread/INFO]: [OptiFine] (Reflector) Method not present: net.minecraft.world.biome.BiomeGenBase.getWaterColorMultiplier
[15:08:57] [Client thread/INFO]: [OptiFine] (Reflector) Method not present: net.minecraft.block.Block.addDestroyEffects
[15:08:57] [Client thread/INFO]: [OptiFine] (Reflector) Method not present: net.minecraft.block.Block.addHitEffects
[15:08:57] [Client thread/INFO]: [OptiFine] (Reflector) Method not present: net.minecraft.block.Block.canCreatureSpawn
[15:08:57] [Client thread/INFO]: [OptiFine] (Reflector) Method not present: net.minecraft.block.Block.canRenderInLayer
[15:08:57] [Client thread/INFO]: [OptiFine] (Reflector) Method not present: net.minecraft.block.Block.doesSideBlockRendering
[15:08:57] [Client thread/INFO]: [OptiFine] (Reflector) Method not present: net.minecraft.block.Block.getBedDirection
[15:08:57] [Client thread/INFO]: [OptiFine] (Reflector) Method not present: net.minecraft.block.Block.getExtendedState
[15:08:57] [Client thread/INFO]: [OptiFine] (Reflector) Method not present: net.minecraft.block.Block.getLightOpacity
[15:08:57] [Client thread/INFO]: [OptiFine] (Reflector) Method not present: net.minecraft.block.Block.getLightValue
[15:08:57] [Client thread/INFO]: [OptiFine] (Reflector) Method not present: net.minecraft.block.Block.hasTileEntity
[15:08:57] [Client thread/INFO]: [OptiFine] (Reflector) Method not present: net.minecraft.block.Block.isAir
[15:08:57] [Client thread/INFO]: [OptiFine] (Reflector) Method not present: net.minecraft.block.Block.isBed
[15:08:57] [Client thread/INFO]: [OptiFine] (Reflector) Method not present: net.minecraft.block.Block.isBedFoot
[15:08:57] [Client thread/INFO]: [OptiFine] (Reflector) Method not present: net.minecraft.block.Block.isSideSolid
[15:08:57] [Client thread/INFO]: [OptiFine] (Reflector) Method not present: net.minecraft.world.ChunkCache.isSideSolid
[15:08:57] [Client thread/INFO]: [OptiFine] (Reflector) Method not present: net.minecraft.entity.Entity.canRiderInteract
[15:08:57] [Client thread/INFO]: [OptiFine] (Reflector) Field not present: net.minecraft.entity.Entity.captureDrops
[15:08:57] [Client thread/INFO]: [OptiFine] (Reflector) Field not present: net.minecraft.entity.Entity.capturedDrops
[15:08:57] [Client thread/INFO]: [OptiFine] (Reflector) Method not present: net.minecraft.entity.Entity.shouldRenderInPass
[15:08:57] [Client thread/INFO]: [OptiFine] (Reflector) Method not present: net.minecraft.entity.Entity.shouldRiderSit
[15:08:57] [Client thread/INFO]: [OptiFine] (Reflector) Class not present: net.minecraftforge.event.ForgeEventFactory
[15:08:57] [Client thread/INFO]: [OptiFine] (Reflector) Class not present: net.minecraftforge.common.ForgeHooks
[15:08:57] [Client thread/INFO]: [OptiFine] (Reflector) Field not present: net.minecraft.item.Item.delegate
[15:08:57] [Client thread/INFO]: [OptiFine] (Reflector) Method not present: net.minecraft.item.Item.getDurabilityForDisplay
[15:08:57] [Client thread/INFO]: [OptiFine] (Reflector) Method not present: net.minecraft.item.Item.getModel
[15:08:57] [Client thread/INFO]: [OptiFine] (Reflector) Method not present: net.minecraft.item.Item.onEntitySwing
[15:08:57] [Client thread/INFO]: [OptiFine] (Reflector) Method not present: net.minecraft.item.Item.shouldCauseReequipAnimation
[15:08:57] [Client thread/INFO]: [OptiFine] (Reflector) Method not present: net.minecraft.item.Item.showDurabilityBar
[15:08:57] [Client thread/INFO]: [OptiFine] (Reflector) Method not present: net.minecraft.potion.PotionEffect.isCurativeItem
[15:08:57] [Client thread/INFO]: [OptiFine] (Reflector) Method not present: net.minecraft.tileentity.TileEntity.canRenderBreaking
[15:08:57] [Client thread/INFO]: [OptiFine] (Reflector) Method not present: net.minecraft.tileentity.TileEntity.getRenderBoundingBox
[15:08:57] [Client thread/INFO]: [OptiFine] (Reflector) Method not present: net.minecraft.tileentity.TileEntity.hasFastRenderer
[15:08:57] [Client thread/INFO]: [OptiFine] (Reflector) Method not present: net.minecraft.tileentity.TileEntity.shouldRenderInPass
[15:08:57] [Client thread/INFO]: [OptiFine] (Reflector) Method not present: net.minecraft.world.World.countEntities
[15:08:57] [Client thread/INFO]: [OptiFine] (Reflector) Method not present: net.minecraft.world.World.getPerWorldStorage
[15:08:57] [Client thread/INFO]: [OptiFine] (Reflector) Method not present: net.minecraft.world.WorldProvider.getCloudRenderer
[15:08:57] [Client thread/INFO]: [OptiFine] (Reflector) Method not present: net.minecraft.world.WorldProvider.getSkyRenderer
[15:08:57] [Client thread/INFO]: [OptiFine] (Reflector) Method not present: net.minecraft.world.WorldProvider.getWeatherRenderer
[15:08:57] [Client thread/INFO]: [OptiFine] (Reflector) Method not present: net.minecraft.world.WorldProvider.getSaveFolder
[15:08:57] [Client thread/INFO]: [OptiFine] (Reflector) Class not present: net.minecraftforge.fml.client.GuiModList
[15:08:57] [Client thread/INFO]: [OptiFine] (Reflector) Class not present: net.minecraftforge.client.model.IColoredBakedQuad
[15:08:57] [Client thread/INFO]: [OptiFine] (Reflector) Class not present: net.minecraftforge.common.property.IExtendedBlockState
[15:08:57] [Client thread/INFO]: [OptiFine] (Reflector) Class not present: net.minecraftforge.client.model.IModel
[15:08:57] [Client thread/INFO]: [OptiFine] (Reflector) Class not present: net.minecraftforge.client.IRenderHandler
[15:08:57] [Client thread/INFO]: [OptiFine] (Reflector) Class not present: net.minecraftforge.client.model.pipeline.LightUtil
[15:08:57] [Client thread/INFO]: [OptiFine] (Reflector) Class not present: net.minecraftforge.common.MinecraftForge
[15:08:57] [Client thread/INFO]: [OptiFine] (Reflector) Class not present: net.minecraftforge.client.MinecraftForgeClient
[15:08:57] [Client thread/INFO]: [OptiFine] (Reflector) Class not present: net.minecraftforge.fml.common.ModContainer
[15:08:57] [Client thread/INFO]: [OptiFine] (Reflector) Class not present: net.minecraftforge.client.model.ModelLoader$VanillaLoader
[15:08:57] [Client thread/INFO]: [OptiFine] (Reflector) Class not present: net.minecraftforge.client.event.RenderBlockOverlayEvent$OverlayType
[15:08:57] [Client thread/INFO]: [OptiFine] (Reflector) Class not present: net.minecraftforge.client.event.RenderItemInFrameEvent
[15:08:57] [Client thread/INFO]: [OptiFine] (Reflector) Class not present: net.minecraftforge.client.event.RenderLivingEvent$Pre
[15:08:57] [Client thread/INFO]: [OptiFine] (Reflector) Class not present: net.minecraftforge.client.event.RenderLivingEvent$Post
[15:08:57] [Client thread/INFO]: [OptiFine] (Reflector) Class not present: net.minecraftforge.client.event.RenderLivingEvent$Specials$Pre
[15:08:57] [Client thread/INFO]: [OptiFine] (Reflector) Class not present: net.minecraftforge.client.event.RenderLivingEvent$Specials$Post
[15:08:57] [Client thread/INFO]: [OptiFine] (Reflector) Class not present: net.minecraftforge.event.world.WorldEvent$Load
[15:08:57] [Client thread/INFO]: [OptiFine] *** Reloading custom textures ***
[15:08:57] [Client thread/INFO]: [OptiFine] CustomColors: Colormap mcpatcher/colormap/water.png
[15:08:57] [Client thread/INFO]: [OptiFine] CustomColors: Colormap mcpatcher/colormap/swampgrass.png
[15:08:57] [Client thread/INFO]: [OptiFine] CustomColors: Colormap mcpatcher/colormap/swampfoliage.png
[15:08:57] [Client thread/INFO]: [OptiFine] CustomColors: Colormap mcpatcher/colormap/sky0.png
[15:08:57] [Client thread/INFO]: [OptiFine] CustomColors: Colormap mcpatcher/lightmap/world-1.png
[15:08:57] [Client thread/INFO]: [OptiFine] CustomColors: Colormap mcpatcher/lightmap/world0.png
[15:08:57] [Client thread/INFO]: [OptiFine] CustomColors: Colormap mcpatcher/lightmap/world1.png
[15:08:57] [Client thread/INFO]: [OptiFine] CustomColors: Loading mcpatcher/color.properties
[15:08:57] [Client thread/INFO]: [OptiFine] CustomColors: drop.water = ffffff
[15:08:57] [Client thread/INFO]: [OptiFine] CustomColors: lilypad = 577119
[15:08:57] [Client thread/INFO]: [OptiFine] CustomColors: Potion colors: 20
[15:08:57] [Client thread/INFO]: [OptiFine] CustomSky properties: mcpatcher/sky/world0/sky1.properties
[15:08:57] [Client thread/INFO]: [OptiFine] CustomSky properties: mcpatcher/sky/world0/sky2.properties
[15:08:57] [Client thread/INFO]: [OptiFine] CustomSky properties: mcpatcher/sky/world0/sky3.properties
[15:08:58] [Client thread/INFO]: [OptiFine] CustomSky properties: mcpatcher/sky/world0/sky4.properties
[15:08:58] [Client thread/INFO]: [OptiFine] CustomSky properties: mcpatcher/sky/world0/sky5.properties
[15:08:58] [Client thread/INFO]: [OptiFine] CustomSky: Texture not found: minecraft:mcpatcher/sky/world0/starfield02.png
[15:08:58] [Client thread/INFO]: [OptiFine] CustomSky properties: mcpatcher/sky/world0/sky6.properties
[15:08:58] [Client thread/INFO]: [OptiFine] CustomSky properties: mcpatcher/sky/world0/sky7.properties
[15:08:58] [Client thread/INFO]: [OptiFine] CustomSky: Texture not found: minecraft:mcpatcher/sky/world0/sky_sunflare.png
[15:08:58] [Client thread/INFO]: [OptiFine] CustomSky properties: mcpatcher/sky/world0/sky8.properties
[15:08:58] [Client thread/INFO]: [OptiFine] CustomSky: Texture not found: minecraft:mcpatcher/sky/world0/sky_sunflare.png
[15:08:58] [Client thread/INFO]: [OptiFine] CustomSky properties: mcpatcher/sky/world0/sky9.properties
[15:08:58] [Client thread/INFO]: [OptiFine] CustomSky: Texture not found: minecraft:mcpatcher/sky/world0/aurora.png
[15:08:58] [Client thread/INFO]: [OptiFine] CustomSky properties: mcpatcher/sky/world0/sky10.properties
[15:08:58] [Client thread/INFO]: [OptiFine] CustomSky: Texture not found: minecraft:mcpatcher/sky/world0/stardust.png
[15:08:58] [Client thread/INFO]: [OptiFine] CustomSky properties: mcpatcher/sky/world0/sky11.properties
[15:08:58] [Client thread/INFO]: [OptiFine] CustomSky properties: mcpatcher/sky/world0/sky12.properties
[15:08:58] [Client thread/INFO]: [OptiFine] CustomSky: Texture not found: minecraft:mcpatcher/sky/world0/sky_nightmagic.png
[15:08:58] [Client thread/INFO]: [OptiFine] CustomSky properties: mcpatcher/sky/world0/sky13.properties
[15:08:58] [Client thread/INFO]: [OptiFine] CustomSky: Texture not found: minecraft:mcpatcher/sky/world0/sky_nightmagic2.png
[15:08:58] [Client thread/INFO]: [OptiFine] CustomSky properties: mcpatcher/sky/world0/sky14.properties
[15:08:58] [Client thread/INFO]: [OptiFine] CustomSky: Texture not found: minecraft:mcpatcher/sky/world0/shootingstar.png
[15:08:58] [Client thread/INFO]: [OptiFine] CustomSky properties: mcpatcher/sky/world0/sky15.properties
[15:08:58] [Client thread/INFO]: [OptiFine] CustomSky: Texture not found: minecraft:mcpatcher/sky/world0/shootingstar.png
[15:08:58] [Client thread/INFO]: [OptiFine] CustomSky properties: mcpatcher/sky/world0/sky16.properties
[15:08:58] [Client thread/INFO]: [OptiFine] CustomSky: Texture not found: minecraft:mcpatcher/sky/world0/sky_shootingstar.png
[15:08:58] [Client thread/INFO]: [OptiFine] CustomSky properties: mcpatcher/sky/world0/sky17.properties
[15:08:58] [Client thread/INFO]: [OptiFine] CustomSky: Texture not found: minecraft:mcpatcher/sky/world0/sky_shootingstar.png
[15:08:58] [Client thread/INFO]: [OptiFine] CustomSky properties: mcpatcher/sky/world0/sky18.properties
[15:08:58] [Client thread/INFO]: [OptiFine] CustomSky: Texture not found: minecraft:mcpatcher/sky/world0/sky_shootingstar.png
[15:08:58] [Client thread/INFO]: [OptiFine] CustomSky properties: mcpatcher/sky/world0/sky19.properties
[15:08:58] [Client thread/INFO]: [OptiFine] CustomSky: Texture not found: minecraft:mcpatcher/sky/world0/sky_shootingstar2.png
[15:08:58] [Client thread/INFO]: [OptiFine] CustomSky properties: mcpatcher/sky/world0/sky20.properties
[15:08:58] [Client thread/INFO]: [OptiFine] CustomSky: Texture not found: minecraft:mcpatcher/sky/world0/sky_shootingstar2.png
[15:08:58] [Client thread/INFO]: [OptiFine] CustomSky properties: mcpatcher/sky/world0/sky21.properties
[15:08:58] [Client thread/INFO]: [OptiFine] CustomSky: Texture not found: minecraft:mcpatcher/sky/world0/sky_shootingstar2.png
[15:08:58] [Client thread/INFO]: [OptiFine] CustomSky properties: mcpatcher/sky/world0/sky22.properties
[15:08:58] [Client thread/INFO]: [OptiFine] CustomSky: Texture not found: minecraft:mcpatcher/sky/world0/sky_shootingstar3.png
[15:08:58] [Client thread/INFO]: [OptiFine] CustomSky properties: mcpatcher/sky/world0/sky23.properties
[15:08:58] [Client thread/INFO]: [OptiFine] CustomSky: Texture not found: minecraft:mcpatcher/sky/world0/sky_shootingstar3.png
[15:08:58] [Client thread/INFO]: [OptiFine] CustomSky properties: mcpatcher/sky/world0/sky24.properties
[15:08:58] [Client thread/INFO]: [OptiFine] CustomSky: Texture not found: minecraft:mcpatcher/sky/world0/sky_shootingstar3.png
[15:08:58] [Client thread/INFO]: [OptiFine] CustomSky properties: mcpatcher/sky/world0/sky25.properties
[15:08:58] [Client thread/INFO]: [OptiFine] CustomSky: Texture not found: minecraft:mcpatcher/sky/world0/sky_shootingstar4.png
[15:08:58] [Client thread/INFO]: [OptiFine] CustomSky properties: mcpatcher/sky/world0/sky26.properties
[15:08:58] [Client thread/INFO]: [OptiFine] CustomSky: Texture not found: minecraft:mcpatcher/sky/world0/sky_shootingstar4.png
[15:08:58] [Client thread/INFO]: [OptiFine] CustomSky properties: mcpatcher/sky/world0/sky27.properties
[15:08:58] [Client thread/INFO]: [OptiFine] CustomSky: Texture not found: minecraft:mcpatcher/sky/world0/sky_shootingstar4.png
[15:08:58] [Client thread/INFO]: [OptiFine] CustomSky properties: mcpatcher/sky/world0/sky28.properties
[15:08:58] [Client thread/INFO]: [OptiFine] CustomSky: Texture not found: minecraft:mcpatcher/sky/world0/sky_shootingstar5.png
[15:08:58] [Client thread/INFO]: [OptiFine] CustomSky properties: mcpatcher/sky/world0/sky29.properties
[15:08:58] [Client thread/INFO]: [OptiFine] CustomSky: Texture not found: minecraft:mcpatcher/sky/world0/sky_shootingstar5.png
[15:08:58] [Client thread/INFO]: [OptiFine] CustomSky properties: mcpatcher/sky/world0/sky30.properties
[15:08:58] [Client thread/INFO]: [OptiFine] CustomSky: Texture not found: minecraft:mcpatcher/sky/world0/sky_shootingstar5.png
[15:08:58] [Client thread/INFO]: [OptiFine] CustomSky properties: mcpatcher/sky/world0/sky31.properties
[15:08:58] [Client thread/INFO]: [OptiFine] CustomSky: Texture not found: minecraft:mcpatcher/sky/world0/sky_shootingstar6.png
[15:08:58] [Client thread/INFO]: [OptiFine] CustomSky properties: mcpatcher/sky/world0/sky32.properties
[15:08:58] [Client thread/INFO]: [OptiFine] CustomSky: Texture not found: minecraft:mcpatcher/sky/world0/sky_northstar.png
[15:08:58] [Client thread/INFO]: [OptiFine] CustomSky properties: mcpatcher/sky/world0/sky33.properties
[15:08:58] [Client thread/INFO]: [OptiFine] CustomSky: Texture not found: minecraft:mcpatcher/sky/world0/sky_northstarnight.png
[15:08:58] [Client thread/INFO]: [OptiFine] CustomSky properties: mcpatcher/sky/world0/sky34.properties
[15:08:58] [Client thread/INFO]: [OptiFine] CustomSky: Texture not found: minecraft:mcpatcher/sky/world0/rainbow.png
[15:08:58] [Client thread/INFO]: [OptiFine] CustomSky properties: mcpatcher/sky/world0/sky35.properties
[15:08:58] [Client thread/INFO]: [OptiFine] CustomSky properties: mcpatcher/sky/world0/sky36.properties
[15:08:58] [Client thread/INFO]: [OptiFine] CustomSky properties: mcpatcher/sky/world0/sky37.properties
[15:08:58] [Client thread/INFO]: [OptiFine] CustomSky: Texture not found: minecraft:mcpatcher/sky/world0/starfield02.png
[15:08:58] [Client thread/INFO]: [OptiFine] CustomSky properties: mcpatcher/sky/world0/sky38.properties
[15:08:58] [Client thread/INFO]: [OptiFine] CustomSky properties: mcpatcher/sky/world0/sky39.properties
[15:08:58] [Client thread/INFO]: [OptiFine] CustomSky: Texture not found: minecraft:mcpatcher/sky/world0/sky_sunflare.png
[15:08:58] [Client thread/INFO]: [OptiFine] CustomSky properties: mcpatcher/sky/world0/sky40.properties
[15:08:58] [Client thread/INFO]: [OptiFine] CustomSky: Texture not found: minecraft:mcpatcher/sky/world0/sky_sunflare.png
[15:08:58] [Client thread/INFO]: [OptiFine] CustomSky properties: mcpatcher/sky/world0/sky41.properties
[15:08:58] [Client thread/INFO]: [OptiFine] CustomSky properties: mcpatcher/sky/world0/sky42.properties
[15:08:58] [Client thread/INFO]: [OptiFine] CustomSky: Texture not found: minecraft:mcpatcher/sky/world0/sky_earth.png
[15:08:58] [Client thread/INFO]: [OptiFine] CustomSky properties: mcpatcher/sky/world0/sky43.properties
[15:08:58] [Client thread/INFO]: [OptiFine] CustomSky: Texture not found: minecraft:mcpatcher/sky/world0/sky_sunflare.png
[15:08:58] [Client thread/INFO]: [OptiFine] CustomSky properties: mcpatcher/sky/world0/sky44.properties
[15:08:58] [Client thread/INFO]: [OptiFine] CustomSky: Texture not found: minecraft:mcpatcher/sky/world0/sky_boxsunsetrays2.png
[15:08:58] [Client thread/INFO]: [OptiFine] CustomSky properties: mcpatcher/sky/world0/sky45.properties
[15:08:58] [Client thread/INFO]: [OptiFine] CustomSky: Texture not found: minecraft:mcpatcher/sky/world0/sky_boxsunsetraysdown1.png
[15:08:58] [Client thread/INFO]: [OptiFine] CustomSky properties: mcpatcher/sky/world0/sky46.properties
[15:08:58] [Client thread/INFO]: [OptiFine] CustomSky: Texture not found: minecraft:mcpatcher/sky/world0/sky_boxsunsetrays2.png
[15:08:58] [Client thread/INFO]: [OptiFine] CustomSky properties: mcpatcher/sky/world0/sky47.properties
[15:08:58] [Client thread/INFO]: [OptiFine] CustomSky: Texture not found: minecraft:mcpatcher/sky/world0/sky_boxsunsetrays.png
[15:08:58] [Client thread/INFO]: [OptiFine] RandomEntities: textures/entity/bat.png, variants: 3
[15:08:58] [Client thread/INFO]: [OptiFine] RandomEntities: textures/entity/blaze.png, variants: 4
[15:08:58] [Client thread/INFO]: [OptiFine] RandomEntities: textures/entity/chicken.png, variants: 3
[15:08:58] [Client thread/INFO]: [OptiFine] RandomEntities: textures/entity/cow/cow.png, variants: 5
[15:08:58] [Client thread/INFO]: [OptiFine] RandomEntities: textures/entity/cow/mooshroom.png, variants: 2
[15:08:58] [Client thread/INFO]: [OptiFine] RandomEntities: textures/entity/creeper/creeper.png, variants: 3
[15:08:58] [Client thread/INFO]: [OptiFine] RandomEntities: textures/entity/enderman/enderman.png, variants: 5
[15:08:58] [Client thread/INFO]: [OptiFine] RandomEntities: textures/entity/ghast/ghast_shooting.png, variants: 3
[15:08:58] [Client thread/INFO]: [OptiFine] RandomEntities: textures/entity/iron_golem.png, variants: 3
[15:08:58] [Client thread/INFO]: [OptiFine] RandomEntities: textures/entity/pig/pig.png, variants: 4
[15:08:58] [Client thread/INFO]: [OptiFine] RandomEntities: textures/entity/silverfish.png, variants: 4
[15:08:58] [Client thread/INFO]: [OptiFine] RandomEntities: textures/entity/skeleton/skeleton.png, variants: 3
[15:08:58] [Client thread/INFO]: [OptiFine] RandomEntities: textures/entity/skeleton/wither_skeleton.png, variants: 3
[15:08:58] [Client thread/INFO]: [OptiFine] RandomEntities: textures/entity/slime/magmacube.png, variants: 4
[15:08:58] [Client thread/INFO]: [OptiFine] RandomEntities: textures/entity/slime/slime.png, variants: 4
[15:08:58] [Client thread/INFO]: [OptiFine] RandomEntities: textures/entity/spider/cave_spider.png, variants: 4
[15:08:58] [Client thread/INFO]: [OptiFine] RandomEntities: textures/entity/spider/spider.png, variants: 3
[15:08:58] [Client thread/INFO]: [OptiFine] RandomEntities: textures/entity/spider_eyes.png, variants: 3
[15:08:58] [Client thread/INFO]: [OptiFine] RandomEntities: textures/entity/squid.png, variants: 4
[15:08:58] [Client thread/INFO]: [OptiFine] RandomEntities: textures/entity/witch.png, variants: 3
[15:08:58] [Client thread/INFO]: [OptiFine] RandomEntities: textures/entity/wolf/wolf.png, variants: 5
[15:08:58] [Client thread/INFO]: [OptiFine] RandomEntities: textures/entity/wolf/wolf_angry.png, variants: 5
[15:08:58] [Client thread/INFO]: [OptiFine] RandomEntities: textures/entity/wolf/wolf_tame.png, variants: 5
[15:08:58] [Client thread/INFO]: [OptiFine] RandomEntities: textures/entity/zombie/zombie.png, variants: 3
[15:08:58] [Client thread/INFO]: [OptiFine] RandomEntities: textures/entity/zombie/zombie_villager.png, variants: 3
[15:08:58] [Client thread/INFO]: [OptiFine] RandomEntities: textures/entity/zombie_pigman.png, variants: 4
[15:08:58] [Client thread/INFO]: [OptiFine] Enable face culling: acacia_leaves, birch_leaves, dark_oak_leaves, jungle_leaves, oak_leaves, spruce_leaves
[15:09:01] [Server thread/INFO]: Starting integrated minecraft server version 1.9
[15:09:01] [Server thread/INFO]: Generating keypair
[15:09:01] [Server thread/INFO]: Preparing start region for level 0
[15:09:02] [Server thread/INFO]: Changing view distance to 12, from 10
[15:09:03] [Server thread/INFO]: Player365[local:E:a1d3f519] logged in with entity id 162 at (1870.9641927211364, 86.0, -1000.3616241569442)
[15:09:03] [Server thread/INFO]: Player365 joined the game
[15:09:07] [Server thread/INFO]: Saving and pausing game...
[15:09:07] [Server thread/INFO]: Saving chunks for level 'New World'/Overworld
[15:09:08] [Server thread/INFO]: Saving chunks for level 'New World'/Nether
[15:09:08] [Server thread/INFO]: Saving chunks for level 'New World'/The End
[15:09:48] [Client thread/INFO]: [CHAT] §cSlice §7» W key has been pressed
[15:09:49] [Client thread/INFO]: [CHAT] §cSlice §7» W key has been pressed
[15:09:49] [Client thread/INFO]: [CHAT] §cSlice §7» W key has been pressed
[15:09:49] [Client thread/INFO]: [CHAT] §cSlice §7» A key has been pressed
[15:09:50] [Client thread/INFO]: [CHAT] §cSlice §7» W key has been pressed
[15:09:50] [Client thread/INFO]: [CHAT] §cSlice §7» W key has been pressed
[15:09:50] [Client thread/INFO]: [CHAT] §cSlice §7» G key has been pressed
[15:09:51] [Client thread/INFO]: [CHAT] §cSlice §7» G key has been pressed
[15:09:51] [Client thread/INFO]: [CHAT] §cSlice §7» G key has been pressed
[15:09:51] [Client thread/INFO]: [CHAT] §cSlice §7» G key has been pressed
[15:09:51] [Client thread/INFO]: [CHAT] §cSlice §7» G key has been pressed
[15:09:51] [Client thread/INFO]: [CHAT] §cSlice §7» G key has been pressed
[15:09:51] [Client thread/INFO]: [CHAT] §cSlice §7» A key has been pressed
[15:09:52] [Client thread/INFO]: [CHAT] §cSlice §7» SPACE key has been pressed
[15:09:52] [Client thread/INFO]: [CHAT] §cSlice §7» SPACE key has been pressed
[15:09:52] [Client thread/INFO]: [CHAT] §cSlice §7» SPACE key has been pressed
[15:09:52] [Client thread/INFO]: [CHAT] §cSlice §7» SPACE key has been pressed
[15:09:53] [Client thread/INFO]: [CHAT] §cSlice §7» SPACE key has been pressed
[15:09:53] [Client thread/INFO]: [CHAT] §cSlice §7» LCONTROL key has been pressed
[15:09:53] [Client thread/INFO]: [CHAT] §cSlice §7» SPACE key has been pressed
[15:09:53] [Client thread/INFO]: [CHAT] §cSlice §7» SPACE key has been pressed
[15:09:53] [Client thread/INFO]: [CHAT] §cSlice §7» SPACE key has been pressed
[15:09:54] [Client thread/INFO]: [CHAT] §cSlice §7» G key has been pressed
[15:09:54] [Client thread/INFO]: [CHAT] §cSlice §7» SPACE key has been pressed
[15:09:54] [Client thread/INFO]: [CHAT] §cSlice §7» G key has been pressed
[15:09:54] [Client thread/INFO]: [CHAT] §cSlice §7» G key has been pressed
[15:09:55] [Client thread/INFO]: [CHAT] §cSlice §7» ESCAPE key has been pressed
[15:09:55] [Server thread/INFO]: Saving and pausing game...
[15:09:55] [Server thread/INFO]: Saving chunks for level 'New World'/Overworld
[15:09:55] [Server thread/INFO]: Saving chunks for level 'New World'/Nether
[15:09:55] [Server thread/INFO]: Saving chunks for level 'New World'/The End
[15:10:27] [Client thread/INFO]: [CHAT] §cSlice §7» LCONTROL key has been pressed
[15:10:27] [Client thread/INFO]: [CHAT] §cSlice §7» W key has been pressed
[15:10:27] [Client thread/INFO]: [CHAT] §cSlice §7» SPACE key has been pressed
[15:10:29] [Client thread/INFO]: [CHAT] §cSlice §7» D key has been pressed
[15:10:29] [Client thread/INFO]: [CHAT] §cSlice §7» A key has been pressed
[15:10:30] [Client thread/INFO]: [CHAT] §cSlice §7» Event for module slice.module.modules.movement.Fly@28b995b8
[15:10:30] [Client thread/INFO]: [CHAT] §cSlice §7» Event for module slice.module.modules.movement.Fly@28b995b8
[15:10:30] [Client thread/INFO]: [CHAT] §cSlice §7» Event for module slice.module.modules.movement.Fly@28b995b8
[15:10:30] [Client thread/INFO]: [CHAT] §cSlice §7» Event for module slice.module.modules.movement.Fly@28b995b8
[15:10:30] [Client thread/INFO]: [CHAT] §cSlice §7» Event for module slice.module.modules.movement.Fly@28b995b8
[15:10:30] [Client thread/INFO]: [CHAT] §cSlice §7» Event for module slice.module.modules.movement.Fly@28b995b8
[15:10:30] [Client thread/INFO]: [CHAT] §cSlice §7» SPACE key has been pressed
[15:10:30] [Client thread/INFO]: [CHAT] §cSlice §7» Event for module slice.module.modules.movement.Fly@28b995b8
[15:10:30] [Client thread/INFO]: [CHAT] §cSlice §7» Event for module slice.module.modules.movement.Fly@28b995b8
[15:10:30] [Client thread/INFO]: [CHAT] §cSlice §7» Event for module slice.module.modules.movement.Fly@28b995b8
[15:10:30] [Client thread/INFO]: [CHAT] §cSlice §7» Event for module slice.module.modules.movement.Fly@28b995b8
[15:10:30] [Client thread/INFO]: [CHAT] §cSlice §7» Event for module slice.module.modules.movement.Fly@28b995b8
[15:10:30] [Client thread/INFO]: [CHAT] §cSlice §7» Event for module slice.module.modules.movement.Fly@28b995b8
[15:10:30] [Client thread/INFO]: [CHAT] §cSlice §7» Event for module slice.module.modules.movement.Fly@28b995b8
[15:10:30] [Client thread/INFO]: [CHAT] §cSlice §7» Event for module slice.module.modules.movement.Fly@28b995b8
[15:10:30] [Client thread/INFO]: [CHAT] §cSlice §7» Event for module slice.module.modules.movement.Fly@28b995b8
[15:10:30] [Client thread/INFO]: [CHAT] §cSlice §7» Event for module slice.module.modules.movement.Fly@28b995b8
[15:10:31] [Client thread/INFO]: [CHAT] §cSlice §7» Event for module slice.module.modules.movement.Fly@28b995b8
[15:10:31] [Client thread/INFO]: [CHAT] §cSlice §7» Event for module slice.module.modules.movement.Fly@28b995b8
[15:10:31] [Client thread/INFO]: [CHAT] §cSlice §7» Event for module slice.module.modules.movement.Fly@28b995b8
[15:10:31] [Client thread/INFO]: [CHAT] §cSlice §7» Event for module slice.module.modules.movement.Fly@28b995b8
[15:10:31] [Client thread/INFO]: [CHAT] §cSlice §7» Event for module slice.module.modules.movement.Fly@28b995b8
[15:10:31] [Client thread/INFO]: [CHAT] §cSlice §7» Event for module slice.module.modules.movement.Fly@28b995b8
[15:10:31] [Client thread/INFO]: [CHAT] §cSlice §7» Event for module slice.module.modules.movement.Fly@28b995b8
[15:10:31] [Client thread/INFO]: [CHAT] §cSlice §7» Event for module slice.module.modules.movement.Fly@28b995b8
[15:10:31] [Client thread/INFO]: [CHAT] §cSlice §7» Event for module slice.module.modules.movement.Fly@28b995b8
[15:10:31] [Client thread/INFO]: [CHAT] §cSlice §7» Event for module slice.module.modules.movement.Fly@28b995b8
[15:10:31] [Client thread/INFO]: [CHAT] §cSlice §7» Event for module slice.module.modules.movement.Fly@28b995b8
[15:10:31] [Client thread/INFO]: [CHAT] §cSlice §7» Event for module slice.module.modules.movement.Fly@28b995b8
[15:10:31] [Client thread/INFO]: [CHAT] §cSlice §7» Event for module slice.module.modules.movement.Fly@28b995b8
[15:10:31] [Client thread/INFO]: [CHAT] §cSlice §7» Event for module slice.module.modules.movement.Fly@28b995b8
[15:10:31] [Client thread/INFO]: [CHAT] §cSlice §7» Event for module slice.module.modules.movement.Fly@28b995b8
[15:10:31] [Client thread/INFO]: [CHAT] §cSlice §7» Event for module slice.module.modules.movement.Fly@28b995b8
[15:10:31] [Client thread/INFO]: [CHAT] §cSlice §7» Event for module slice.module.modules.movement.Fly@28b995b8
[15:10:31] [Client thread/INFO]: [CHAT] §cSlice §7» Event for module slice.module.modules.movement.Fly@28b995b8
[15:10:31] [Client thread/INFO]: [CHAT] §cSlice §7» Event for module slice.module.modules.movement.Fly@28b995b8
[15:10:31] [Client thread/INFO]: [CHAT] §cSlice §7» Event for module slice.module.modules.movement.Fly@28b995b8
[15:10:31] [Client thread/INFO]: [CHAT] §cSlice §7» Event for module slice.module.modules.movement.Fly@28b995b8
[15:10:31] [Client thread/INFO]: [CHAT] §cSlice §7» Event for module slice.module.modules.movement.Fly@28b995b8
[15:10:31] [Client thread/INFO]: [CHAT] §cSlice §7» Event for module slice.module.modules.movement.Fly@28b995b8
[15:10:31] [Client thread/INFO]: [CHAT] §cSlice §7» Event for module slice.module.modules.movement.Fly@28b995b8
[15:10:31] [Client thread/INFO]: [CHAT] §cSlice §7» Event for module slice.module.modules.movement.Fly@28b995b8
[15:10:31] [Client thread/INFO]: [CHAT] §cSlice §7» Event for module slice.module.modules.movement.Fly@28b995b8
[15:10:31] [Client thread/INFO]: [CHAT] §cSlice §7» Event for module slice.module.modules.movement.Fly@28b995b8
[15:10:31] [Client thread/INFO]: [CHAT] §cSlice §7» Event for module slice.module.modules.movement.Fly@28b995b8
[15:10:31] [Client thread/INFO]: [CHAT] §cSlice §7» Event for module slice.module.modules.movement.Fly@28b995b8
[15:10:31] [Client thread/INFO]: [CHAT] §cSlice §7» Event for module slice.module.modules.movement.Fly@28b995b8
[15:10:31] [Client thread/INFO]: [CHAT] §cSlice §7» Event for module slice.module.modules.movement.Fly@28b995b8
[15:10:31] [Client thread/INFO]: [CHAT] §cSlice §7» Event for module slice.module.modules.movement.Fly@28b995b8
[15:10:31] [Client thread/INFO]: [CHAT] §cSlice §7» Event for module slice.module.modules.movement.Fly@28b995b8
[15:10:31] [Client thread/INFO]: [CHAT] §cSlice §7» Event for module slice.module.modules.movement.Fly@28b995b8
[15:10:31] [Client thread/INFO]: [CHAT] §cSlice §7» Event for module slice.module.modules.movement.Fly@28b995b8
[15:10:31] [Client thread/INFO]: [CHAT] §cSlice §7» Event for module slice.module.modules.movement.Fly@28b995b8
[15:10:31] [Client thread/INFO]: [CHAT] §cSlice §7» Event for module slice.module.modules.movement.Fly@28b995b8
[15:10:31] [Client thread/INFO]: [CHAT] §cSlice §7» Event for module slice.module.modules.movement.Fly@28b995b8
[15:10:31] [Client thread/INFO]: [CHAT] §cSlice §7» Event for module slice.module.modules.movement.Fly@28b995b8
[15:10:31] [Client thread/INFO]: [CHAT] §cSlice §7» Event for module slice.module.modules.movement.Fly@28b995b8
[15:10:31] [Client thread/INFO]: [CHAT] §cSlice §7» Event for module slice.module.modules.movement.Fly@28b995b8
[15:10:31] [Client thread/INFO]: [CHAT] §cSlice §7» Event for module slice.module.modules.movement.Fly@28b995b8
[15:10:31] [Client thread/INFO]: [CHAT] §cSlice §7» Event for module slice.module.modules.movement.Fly@28b995b8
[15:10:31] [Client thread/INFO]: [CHAT] §cSlice §7» Event for module slice.module.modules.movement.Fly@28b995b8
[15:10:31] [Client thread/INFO]: [CHAT] §cSlice §7» Event for module slice.module.modules.movement.Fly@28b995b8
[15:10:31] [Client thread/INFO]: [CHAT] §cSlice §7» Event for module slice.module.modules.movement.Fly@28b995b8
[15:10:31] [Client thread/INFO]: [CHAT] §cSlice §7» Event for module slice.module.modules.movement.Fly@28b995b8
[15:10:31] [Client thread/INFO]: [CHAT] §cSlice §7» Event for module slice.module.modules.movement.Fly@28b995b8
[15:10:31] [Client thread/INFO]: [CHAT] §cSlice §7» Event for module slice.module.modules.movement.Fly@28b995b8
[15:10:31] [Client thread/INFO]: [CHAT] §cSlice §7» Event for module slice.module.modules.movement.Fly@28b995b8
[15:10:31] [Client thread/INFO]: [CHAT] §cSlice §7» Event for module slice.module.modules.movement.Fly@28b995b8
[15:10:31] [Client thread/INFO]: [CHAT] §cSlice §7» Event for module slice.module.modules.movement.Fly@28b995b8
[15:10:31] [Client thread/INFO]: [CHAT] §cSlice §7» Event for module slice.module.modules.movement.Fly@28b995b8
[15:10:31] [Client thread/INFO]: [CHAT] §cSlice §7» Event for module slice.module.modules.movement.Fly@28b995b8
[15:10:31] [Client thread/INFO]: [CHAT] §cSlice §7» G key has been pressed
[15:10:32] [Client thread/INFO]: [CHAT] §cSlice §7» A key has been pressed
[15:10:32] [Client thread/INFO]: [CHAT] §cSlice §7» SPACE key has been pressed
[15:10:33] [Client thread/INFO]: [CHAT] §cSlice §7» ESCAPE key has been pressed
[15:10:33] [Server thread/INFO]: Saving and pausing game...
[15:10:33] [Server thread/INFO]: Saving chunks for level 'New World'/Overworld
[15:10:33] [Server thread/INFO]: Saving chunks for level 'New World'/Nether
[15:10:33] [Server thread/INFO]: Saving chunks for level 'New World'/The End
[15:10:52] [Server thread/INFO]: Stopping server
[15:10:52] [Server thread/INFO]: Saving players
[15:10:52] [Server thread/INFO]: Saving worlds
[15:10:52] [Server thread/INFO]: Saving chunks for level 'New World'/Overworld
[15:10:52] [Server thread/INFO]: Saving chunks for level 'New World'/Nether
[15:10:52] [Server thread/INFO]: Saving chunks for level 'New World'/The End
[15:10:54] [Client thread/INFO]: Stopping!
[15:10:54] [Client thread/INFO]: SoundSystem shutting down...
[15:10:54] [Client thread/WARN]: Author: Paul Lamb, www.paulscode.com
